lug 20, 2021 10:22:03 AM utility.ProjectLogger saveMess
INFO: deliverable1 start
lug 20, 2021 10:22:03 AM utility.ProjectLogger saveMess
INFO: starting deliverable 2
lug 20, 2021 10:22:03 AM utility.ProjectLogger saveMess
INFO:  [*] Starting retrieve data for BOOKKEEPER
lug 20, 2021 10:22:08 AM utility.ProjectLogger saveMess
INFO: files: 5708
lug 20, 2021 10:22:19 AM utility.ProjectLogger saveMess
INFO:  [*] Exiting for BOOKKEEPER
lug 20, 2021 10:22:19 AM utility.ProjectLogger saveMess
INFO: [*]Getting csv File: BOOKKEEPER_metris.csv and starting machine learning processing
lug 20, 2021 10:22:20 AM utility.ProjectLogger saveMess
INFO: arff file correctly created
lug 20, 2021 10:22:20 AM utility.ProjectLogger saveMess
INFO: last Walk7
lug 20, 2021 10:22:20 AM utility.ProjectLogger saveMess
INFO: *********************************
The train set is up to the 1.0th release
*********************************
lug 20, 2021 10:22:20 AM utility.ProjectLogger saveMess
INFO: *********************************
The train set is up to the 2.0th release
*********************************
lug 20, 2021 10:22:20 AM utility.ProjectLogger saveMess
INFO: *********************************
The train set is up to the 3.0th release
*********************************
lug 20, 2021 10:22:20 AM utility.ProjectLogger saveMess
INFO: *********************************
The train set is up to the 4.0th release
*********************************
lug 20, 2021 10:22:20 AM utility.ProjectLogger saveMess
INFO: *********************************
The train set is up to the 5.0th release
*********************************
lug 20, 2021 10:22:20 AM utility.ProjectLogger saveMess
INFO: *********************************
The train set is up to the 6.0th release
*********************************
lug 20, 2021 10:22:20 AM utility.ProjectLogger saveMess
INFO: classifier choose : Random Forest
lug 20, 2021 10:22:20 AM utility.ProjectLogger saveMess
INFO: No selection filteredTrainSet null
lug 20, 2021 10:22:20 AM utility.ProjectLogger saveMess
INFO: No selection filteredTestSet null
lug 20, 2021 10:22:25 AM utility.ProjectLogger saveMess
INFO: classifier choose : IBk
lug 20, 2021 10:22:25 AM utility.ProjectLogger saveMess
INFO: No selection filteredTrainSet null
lug 20, 2021 10:22:25 AM utility.ProjectLogger saveMess
INFO: No selection filteredTestSet null
lug 20, 2021 10:22:26 AM utility.ProjectLogger saveMess
INFO: classifier choose : Naive Bayes
lug 20, 2021 10:22:26 AM utility.ProjectLogger saveMess
INFO: No selection filteredTrainSet null
lug 20, 2021 10:22:26 AM utility.ProjectLogger saveMess
INFO: No selection filteredTestSet null
lug 20, 2021 10:22:27 AM utility.ProjectLogger saveMess
INFO: classifier choose : Random Forest
lug 20, 2021 10:22:27 AM utility.ProjectLogger saveMess
INFO: No selection filteredTrainSet null
lug 20, 2021 10:22:27 AM utility.ProjectLogger saveMess
INFO: No selection filteredTestSet null
lug 20, 2021 10:22:34 AM utility.ProjectLogger saveMess
INFO: classifier choose : IBk
lug 20, 2021 10:22:34 AM utility.ProjectLogger saveMess
INFO: No selection filteredTrainSet null
lug 20, 2021 10:22:34 AM utility.ProjectLogger saveMess
INFO: No selection filteredTestSet null
lug 20, 2021 10:22:36 AM utility.ProjectLogger saveMess
INFO: classifier choose : Naive Bayes
lug 20, 2021 10:22:36 AM utility.ProjectLogger saveMess
INFO: No selection filteredTrainSet null
lug 20, 2021 10:22:36 AM utility.ProjectLogger saveMess
INFO: No selection filteredTestSet null
lug 20, 2021 10:22:37 AM utility.ProjectLogger saveMess
INFO: classifier choose : Random Forest
lug 20, 2021 10:22:37 AM utility.ProjectLogger saveMess
INFO: No selection filteredTrainSet null
lug 20, 2021 10:22:37 AM utility.ProjectLogger saveMess
INFO: No selection filteredTestSet null
lug 20, 2021 10:22:40 AM utility.ProjectLogger saveMess
INFO: Invalid walk
lug 20, 2021 10:22:48 AM utility.ProjectLogger saveMess
INFO: Invalid walk
lug 20, 2021 10:22:48 AM utility.ProjectLogger saveMess
INFO: Invalid walk
lug 20, 2021 10:22:49 AM utility.ProjectLogger saveMess
INFO: Invalid walk
lug 20, 2021 10:22:49 AM utility.ProjectLogger saveMess
INFO: Invalid walk
lug 20, 2021 10:22:49 AM utility.ProjectLogger saveMess
INFO: Invalid walk
lug 20, 2021 10:22:49 AM utility.ProjectLogger saveMess
INFO: Invalid walk
lug 20, 2021 10:22:49 AM utility.ProjectLogger saveMess
INFO: Invalid walk
lug 20, 2021 10:22:49 AM utility.ProjectLogger saveMess
INFO: Invalid walk
lug 20, 2021 10:22:50 AM utility.ProjectLogger saveMess
INFO: Invalid walk
lug 20, 2021 10:22:50 AM utility.ProjectLogger saveMess
INFO: Invalid walk
lug 20, 2021 10:22:51 AM utility.ProjectLogger saveMess
INFO: Invalid walk
lug 20, 2021 10:22:51 AM utility.ProjectLogger saveMess
INFO: Invalid walk
lug 20, 2021 10:22:51 AM utility.ProjectLogger saveMess
INFO: classifier choose : IBk
lug 20, 2021 10:22:51 AM utility.ProjectLogger saveMess
INFO: No selection filteredTrainSet null
lug 20, 2021 10:22:51 AM utility.ProjectLogger saveMess
INFO: No selection filteredTestSet null
lug 20, 2021 10:22:52 AM utility.ProjectLogger saveMess
INFO: Invalid walk
lug 20, 2021 10:22:55 AM utility.ProjectLogger saveMess
INFO: Invalid walk
lug 20, 2021 10:22:55 AM utility.ProjectLogger saveMess
INFO: Invalid walk
lug 20, 2021 10:22:55 AM utility.ProjectLogger saveMess
INFO: Invalid walk
lug 20, 2021 10:22:55 AM utility.ProjectLogger saveMess
INFO: Invalid walk
lug 20, 2021 10:22:55 AM utility.ProjectLogger saveMess
INFO: Invalid walk
lug 20, 2021 10:22:55 AM utility.ProjectLogger saveMess
INFO: Invalid walk
lug 20, 2021 10:22:55 AM utility.ProjectLogger saveMess
INFO: Invalid walk
lug 20, 2021 10:22:55 AM utility.ProjectLogger saveMess
INFO: Invalid walk
lug 20, 2021 10:22:55 AM utility.ProjectLogger saveMess
INFO: Invalid walk
lug 20, 2021 10:22:56 AM utility.ProjectLogger saveMess
INFO: Invalid walk
lug 20, 2021 10:22:56 AM utility.ProjectLogger saveMess
INFO: Invalid walk
lug 20, 2021 10:22:56 AM utility.ProjectLogger saveMess
INFO: Invalid walk
lug 20, 2021 10:22:56 AM utility.ProjectLogger saveMess
INFO: classifier choose : Naive Bayes
lug 20, 2021 10:22:56 AM utility.ProjectLogger saveMess
INFO: No selection filteredTrainSet null
lug 20, 2021 10:22:56 AM utility.ProjectLogger saveMess
INFO: No selection filteredTestSet null
lug 20, 2021 10:22:56 AM utility.ProjectLogger saveMess
INFO: Invalid walk
lug 20, 2021 10:22:56 AM utility.ProjectLogger saveMess
INFO: Invalid walk
lug 20, 2021 10:22:56 AM utility.ProjectLogger saveMess
INFO: Invalid walk
lug 20, 2021 10:22:56 AM utility.ProjectLogger saveMess
INFO: Invalid walk
lug 20, 2021 10:22:56 AM utility.ProjectLogger saveMess
INFO: Invalid walk
lug 20, 2021 10:22:57 AM utility.ProjectLogger saveMess
INFO: Invalid walk
lug 20, 2021 10:22:58 AM utility.ProjectLogger saveMess
INFO: Invalid walk
lug 20, 2021 10:22:58 AM utility.ProjectLogger saveMess
INFO: Invalid walk
lug 20, 2021 10:22:58 AM utility.ProjectLogger saveMess
INFO: Invalid walk
lug 20, 2021 10:22:58 AM utility.ProjectLogger saveMess
INFO: Invalid walk
lug 20, 2021 10:22:58 AM utility.ProjectLogger saveMess
INFO: Invalid walk
lug 20, 2021 10:22:58 AM utility.ProjectLogger saveMess
INFO: Invalid walk
lug 20, 2021 10:22:58 AM utility.ProjectLogger saveMess
INFO: Invalid walk
lug 20, 2021 10:22:58 AM utility.ProjectLogger saveMess
INFO: Invalid walk
lug 20, 2021 10:22:59 AM utility.ProjectLogger saveMess
INFO: Invalid walk
lug 20, 2021 10:22:59 AM utility.ProjectLogger saveMess
INFO: Invalid walk
lug 20, 2021 10:22:59 AM utility.ProjectLogger saveMess
INFO: Invalid walk
lug 20, 2021 10:23:00 AM utility.ProjectLogger saveMess
INFO: Invalid walk
lug 20, 2021 10:23:00 AM utility.ProjectLogger saveMess
INFO: Invalid walk
lug 20, 2021 10:23:00 AM utility.ProjectLogger saveMess
INFO: Invalid walk
lug 20, 2021 10:23:00 AM utility.ProjectLogger saveMess
INFO: Invalid walk
lug 20, 2021 10:23:00 AM utility.ProjectLogger saveMess
INFO: Invalid walk
lug 20, 2021 10:23:00 AM utility.ProjectLogger saveMess
INFO: Invalid walk
lug 20, 2021 10:23:00 AM utility.ProjectLogger saveMess
INFO: Invalid walk
lug 20, 2021 10:23:00 AM utility.ProjectLogger saveMess
INFO: Invalid walk
lug 20, 2021 10:23:00 AM utility.ProjectLogger saveMess
INFO: Invalid walk
lug 20, 2021 10:23:00 AM utility.ProjectLogger saveMess
INFO: Invalid walk
lug 20, 2021 10:23:00 AM utility.ProjectLogger saveMess
INFO: Invalid walk
lug 20, 2021 10:23:00 AM utility.ProjectLogger saveMess
INFO: Invalid walk
lug 20, 2021 10:23:00 AM utility.ProjectLogger saveMess
INFO: classifier choose : Random Forest
lug 20, 2021 10:23:00 AM utility.ProjectLogger saveMess
INFO: No selection filteredTrainSet null
lug 20, 2021 10:23:00 AM utility.ProjectLogger saveMess
INFO: No selection filteredTestSet null
lug 20, 2021 10:23:18 AM utility.ProjectLogger saveMess
INFO: Invalid walk
lug 20, 2021 10:23:22 AM utility.ProjectLogger saveMess
INFO: classifier choose : IBk
lug 20, 2021 10:23:22 AM utility.ProjectLogger saveMess
INFO: No selection filteredTrainSet null
lug 20, 2021 10:23:22 AM utility.ProjectLogger saveMess
INFO: No selection filteredTestSet null
lug 20, 2021 10:23:31 AM utility.ProjectLogger saveMess
INFO: Invalid walk
lug 20, 2021 10:23:32 AM utility.ProjectLogger saveMess
INFO: classifier choose : Naive Bayes
lug 20, 2021 10:23:32 AM utility.ProjectLogger saveMess
INFO: No selection filteredTrainSet null
lug 20, 2021 10:23:32 AM utility.ProjectLogger saveMess
INFO: No selection filteredTestSet null
lug 20, 2021 10:23:35 AM utility.ProjectLogger saveMess
INFO: Invalid walk
lug 20, 2021 10:23:39 AM utility.ProjectLogger saveMess
INFO: classifier choose : Random Forest
lug 20, 2021 10:23:39 AM utility.ProjectLogger saveMess
INFO: No selection filteredTrainSet null
lug 20, 2021 10:23:39 AM utility.ProjectLogger saveMess
INFO: No selection filteredTestSet null
lug 20, 2021 10:23:59 AM utility.ProjectLogger saveMess
INFO: classifier choose : IBk
lug 20, 2021 10:23:59 AM utility.ProjectLogger saveMess
INFO: No selection filteredTrainSet null
lug 20, 2021 10:23:59 AM utility.ProjectLogger saveMess
INFO: No selection filteredTestSet null
lug 20, 2021 10:24:07 AM utility.ProjectLogger saveMess
INFO: classifier choose : Naive Bayes
lug 20, 2021 10:24:07 AM utility.ProjectLogger saveMess
INFO: No selection filteredTrainSet null
lug 20, 2021 10:24:07 AM utility.ProjectLogger saveMess
INFO: No selection filteredTestSet null
lug 20, 2021 10:24:07 AM utility.ProjectLogger saveMess
INFO: Invalid walk
lug 20, 2021 10:24:07 AM utility.ProjectLogger saveMess
INFO: Invalid walk
lug 20, 2021 10:24:10 AM utility.ProjectLogger saveMess
INFO: Invalid walk
lug 20, 2021 10:24:15 AM utility.ProjectLogger saveMess
INFO: classifier choose : Random Forest
lug 20, 2021 10:24:15 AM utility.ProjectLogger saveMess
INFO: No selection filteredTrainSet null
lug 20, 2021 10:24:15 AM utility.ProjectLogger saveMess
INFO: No selection filteredTestSet null
lug 20, 2021 10:24:47 AM utility.ProjectLogger saveMess
INFO: classifier choose : IBk
lug 20, 2021 10:24:47 AM utility.ProjectLogger saveMess
INFO: No selection filteredTrainSet null
lug 20, 2021 10:24:47 AM utility.ProjectLogger saveMess
INFO: No selection filteredTestSet null
lug 20, 2021 10:24:57 AM utility.ProjectLogger saveMess
INFO: classifier choose : Naive Bayes
lug 20, 2021 10:24:57 AM utility.ProjectLogger saveMess
INFO: No selection filteredTrainSet null
lug 20, 2021 10:24:57 AM utility.ProjectLogger saveMess
INFO: No selection filteredTestSet null
lug 20, 2021 10:25:05 AM utility.ProjectLogger saveMess
INFO: deliverable1 start
lug 20, 2021 10:25:05 AM utility.ProjectLogger saveMess
INFO: starting deliverable 2
lug 20, 2021 10:25:05 AM utility.ProjectLogger saveMess
INFO:  [*] Starting retrieve data for ZOOKEEPER
lug 20, 2021 10:25:10 AM utility.ProjectLogger saveMess
INFO: files: 19953
lug 20, 2021 10:25:24 AM utility.ProjectLogger saveMess
INFO:  [*] Exiting for ZOOKEEPER
lug 20, 2021 10:25:24 AM utility.ProjectLogger saveMess
INFO: [*]Getting csv File: ZOOKEEPER_metris.csv and starting machine learning processing
lug 20, 2021 10:25:24 AM utility.ProjectLogger saveMess
INFO: arff file correctly created
lug 20, 2021 10:25:24 AM utility.ProjectLogger saveMess
INFO: last Walk21
lug 20, 2021 10:25:24 AM utility.ProjectLogger saveMess
INFO: *********************************
The train set is up to the 1.0th release
*********************************
lug 20, 2021 10:25:24 AM utility.ProjectLogger saveMess
INFO: *********************************
The train set is up to the 2.0th release
*********************************
lug 20, 2021 10:25:24 AM utility.ProjectLogger saveMess
INFO: *********************************
The train set is up to the 3.0th release
*********************************
lug 20, 2021 10:25:24 AM utility.ProjectLogger saveMess
INFO: *********************************
The train set is up to the 4.0th release
*********************************
lug 20, 2021 10:25:24 AM utility.ProjectLogger saveMess
INFO: *********************************
The train set is up to the 5.0th release
*********************************
lug 20, 2021 10:25:24 AM utility.ProjectLogger saveMess
INFO: *********************************
The train set is up to the 6.0th release
*********************************
lug 20, 2021 10:25:24 AM utility.ProjectLogger saveMess
INFO: *********************************
The train set is up to the 7.0th release
*********************************
lug 20, 2021 10:25:24 AM utility.ProjectLogger saveMess
INFO: *********************************
The train set is up to the 8.0th release
*********************************
lug 20, 2021 10:25:24 AM utility.ProjectLogger saveMess
INFO: *********************************
The train set is up to the 9.0th release
*********************************
lug 20, 2021 10:25:24 AM utility.ProjectLogger saveMess
INFO: *********************************
The train set is up to the 10.0th release
*********************************
lug 20, 2021 10:25:24 AM utility.ProjectLogger saveMess
INFO: *********************************
The train set is up to the 11.0th release
*********************************
lug 20, 2021 10:25:24 AM utility.ProjectLogger saveMess
INFO: *********************************
The train set is up to the 12.0th release
*********************************
lug 20, 2021 10:25:24 AM utility.ProjectLogger saveMess
INFO: *********************************
The train set is up to the 13.0th release
*********************************
lug 20, 2021 10:25:24 AM utility.ProjectLogger saveMess
INFO: *********************************
The train set is up to the 14.0th release
*********************************
lug 20, 2021 10:25:24 AM utility.ProjectLogger saveMess
INFO: *********************************
The train set is up to the 15.0th release
*********************************
lug 20, 2021 10:25:24 AM utility.ProjectLogger saveMess
INFO: *********************************
The train set is up to the 16.0th release
*********************************
lug 20, 2021 10:25:24 AM utility.ProjectLogger saveMess
INFO: *********************************
The train set is up to the 17.0th release
*********************************
lug 20, 2021 10:25:24 AM utility.ProjectLogger saveMess
INFO: *********************************
The train set is up to the 18.0th release
*********************************
lug 20, 2021 10:25:24 AM utility.ProjectLogger saveMess
INFO: *********************************
The train set is up to the 19.0th release
*********************************
lug 20, 2021 10:25:24 AM utility.ProjectLogger saveMess
INFO: *********************************
The train set is up to the 20.0th release
*********************************
lug 20, 2021 10:25:24 AM utility.ProjectLogger saveMess
INFO: classifier choose : Random Forest
lug 20, 2021 10:25:24 AM utility.ProjectLogger saveMess
INFO: No selection filteredTrainSet null
lug 20, 2021 10:25:24 AM utility.ProjectLogger saveMess
INFO: No selection filteredTestSet null
lug 20, 2021 10:25:24 AM utility.ProjectLogger saveMess
INFO: Invalid walk
lug 20, 2021 10:25:24 AM utility.ProjectLogger saveMess
INFO: Invalid walk
lug 20, 2021 10:25:25 AM utility.ProjectLogger saveMess
INFO: Invalid walk
lug 20, 2021 10:25:25 AM utility.ProjectLogger saveMess
INFO: Invalid walk
lug 20, 2021 10:25:25 AM utility.ProjectLogger saveMess
INFO: Invalid walk
lug 20, 2021 10:25:25 AM utility.ProjectLogger saveMess
INFO: Invalid walk
lug 20, 2021 10:25:25 AM utility.ProjectLogger saveMess
INFO: Invalid walk
lug 20, 2021 10:25:25 AM utility.ProjectLogger saveMess
INFO: Invalid walk
lug 20, 2021 10:25:25 AM utility.ProjectLogger saveMess
INFO: classifier choose : IBk
lug 20, 2021 10:25:25 AM utility.ProjectLogger saveMess
INFO: No selection filteredTrainSet null
lug 20, 2021 10:25:25 AM utility.ProjectLogger saveMess
INFO: No selection filteredTestSet null
lug 20, 2021 10:25:25 AM utility.ProjectLogger saveMess
INFO: Invalid walk
lug 20, 2021 10:25:25 AM utility.ProjectLogger saveMess
INFO: Invalid walk
lug 20, 2021 10:25:25 AM utility.ProjectLogger saveMess
INFO: Invalid walk
lug 20, 2021 10:25:25 AM utility.ProjectLogger saveMess
INFO: Invalid walk
lug 20, 2021 10:25:25 AM utility.ProjectLogger saveMess
INFO: Invalid walk
lug 20, 2021 10:25:25 AM utility.ProjectLogger saveMess
INFO: Invalid walk
lug 20, 2021 10:25:25 AM utility.ProjectLogger saveMess
INFO: Invalid walk
lug 20, 2021 10:25:25 AM utility.ProjectLogger saveMess
INFO: Invalid walk
lug 20, 2021 10:25:25 AM utility.ProjectLogger saveMess
INFO: Invalid walk
lug 20, 2021 10:25:25 AM utility.ProjectLogger saveMess
INFO: Invalid walk
lug 20, 2021 10:25:25 AM utility.ProjectLogger saveMess
INFO: Invalid walk
lug 20, 2021 10:25:25 AM utility.ProjectLogger saveMess
INFO: Invalid walk
lug 20, 2021 10:25:25 AM utility.ProjectLogger saveMess
INFO: classifier choose : Naive Bayes
lug 20, 2021 10:25:25 AM utility.ProjectLogger saveMess
INFO: No selection filteredTrainSet null
lug 20, 2021 10:25:25 AM utility.ProjectLogger saveMess
INFO: No selection filteredTestSet null
lug 20, 2021 10:25:25 AM utility.ProjectLogger saveMess
INFO: Invalid walk
lug 20, 2021 10:25:25 AM utility.ProjectLogger saveMess
INFO: Invalid walk
lug 20, 2021 10:25:25 AM utility.ProjectLogger saveMess
INFO: Invalid walk
lug 20, 2021 10:25:25 AM utility.ProjectLogger saveMess
INFO: Invalid walk
lug 20, 2021 10:25:25 AM utility.ProjectLogger saveMess
INFO: Invalid walk
lug 20, 2021 10:25:25 AM utility.ProjectLogger saveMess
INFO: Invalid walk
lug 20, 2021 10:25:25 AM utility.ProjectLogger saveMess
INFO: Invalid walk
lug 20, 2021 10:25:25 AM utility.ProjectLogger saveMess
INFO: Invalid walk
lug 20, 2021 10:25:25 AM utility.ProjectLogger saveMess
INFO: Invalid walk
lug 20, 2021 10:25:25 AM utility.ProjectLogger saveMess
INFO: Invalid walk
lug 20, 2021 10:25:25 AM utility.ProjectLogger saveMess
INFO: Invalid walk
lug 20, 2021 10:25:25 AM utility.ProjectLogger saveMess
INFO: Invalid walk
lug 20, 2021 10:25:25 AM utility.ProjectLogger saveMess
INFO: classifier choose : Random Forest
lug 20, 2021 10:25:25 AM utility.ProjectLogger saveMess
INFO: No selection filteredTrainSet null
lug 20, 2021 10:25:25 AM utility.ProjectLogger saveMess
INFO: No selection filteredTestSet null
lug 20, 2021 10:25:25 AM utility.ProjectLogger saveMess
INFO: Invalid walk
lug 20, 2021 10:25:25 AM utility.ProjectLogger saveMess
INFO: Invalid walk
lug 20, 2021 10:25:25 AM utility.ProjectLogger saveMess
INFO: Invalid walk
lug 20, 2021 10:25:25 AM utility.ProjectLogger saveMess
INFO: Invalid walk
lug 20, 2021 10:25:26 AM utility.ProjectLogger saveMess
INFO: Invalid walk
lug 20, 2021 10:25:26 AM utility.ProjectLogger saveMess
INFO: Invalid walk
lug 20, 2021 10:25:26 AM utility.ProjectLogger saveMess
INFO: Invalid walk
lug 20, 2021 10:25:26 AM utility.ProjectLogger saveMess
INFO: Invalid walk
lug 20, 2021 10:25:26 AM utility.ProjectLogger saveMess
INFO: Invalid walk
lug 20, 2021 10:25:26 AM utility.ProjectLogger saveMess
INFO: Invalid walk
lug 20, 2021 10:25:26 AM utility.ProjectLogger saveMess
INFO: Invalid walk
lug 20, 2021 10:25:27 AM utility.ProjectLogger saveMess
INFO: Invalid walk
lug 20, 2021 10:25:27 AM utility.ProjectLogger saveMess
INFO: classifier choose : IBk
lug 20, 2021 10:25:27 AM utility.ProjectLogger saveMess
INFO: No selection filteredTrainSet null
lug 20, 2021 10:25:27 AM utility.ProjectLogger saveMess
INFO: No selection filteredTestSet null
lug 20, 2021 10:25:27 AM utility.ProjectLogger saveMess
INFO: Invalid walk
lug 20, 2021 10:25:27 AM utility.ProjectLogger saveMess
INFO: Invalid walk
lug 20, 2021 10:25:27 AM utility.ProjectLogger saveMess
INFO: Invalid walk
lug 20, 2021 10:25:27 AM utility.ProjectLogger saveMess
INFO: Invalid walk
lug 20, 2021 10:25:27 AM utility.ProjectLogger saveMess
INFO: Invalid walk
lug 20, 2021 10:25:27 AM utility.ProjectLogger saveMess
INFO: Invalid walk
lug 20, 2021 10:25:27 AM utility.ProjectLogger saveMess
INFO: Invalid walk
lug 20, 2021 10:25:27 AM utility.ProjectLogger saveMess
INFO: Invalid walk
lug 20, 2021 10:25:28 AM utility.ProjectLogger saveMess
INFO: classifier choose : Naive Bayes
lug 20, 2021 10:25:28 AM utility.ProjectLogger saveMess
INFO: No selection filteredTrainSet null
lug 20, 2021 10:25:28 AM utility.ProjectLogger saveMess
INFO: No selection filteredTestSet null
lug 20, 2021 10:25:28 AM utility.ProjectLogger saveMess
INFO: Invalid walk
lug 20, 2021 10:25:28 AM utility.ProjectLogger saveMess
INFO: Invalid walk
lug 20, 2021 10:25:28 AM utility.ProjectLogger saveMess
INFO: Invalid walk
lug 20, 2021 10:25:28 AM utility.ProjectLogger saveMess
INFO: Invalid walk
lug 20, 2021 10:25:28 AM utility.ProjectLogger saveMess
INFO: Invalid walk
lug 20, 2021 10:25:28 AM utility.ProjectLogger saveMess
INFO: Invalid walk
lug 20, 2021 10:25:28 AM utility.ProjectLogger saveMess
INFO: Invalid walk
lug 20, 2021 10:25:28 AM utility.ProjectLogger saveMess
INFO: Invalid walk
lug 20, 2021 10:25:28 AM utility.ProjectLogger saveMess
INFO: Invalid walk
lug 20, 2021 10:25:28 AM utility.ProjectLogger saveMess
INFO: Invalid walk
lug 20, 2021 10:25:28 AM utility.ProjectLogger saveMess
INFO: Invalid walk
lug 20, 2021 10:25:28 AM utility.ProjectLogger saveMess
INFO: Invalid walk
lug 20, 2021 10:25:28 AM utility.ProjectLogger saveMess
INFO: Invalid walk
lug 20, 2021 10:25:28 AM utility.ProjectLogger saveMess
INFO: Invalid walk
lug 20, 2021 10:25:28 AM utility.ProjectLogger saveMess
INFO: classifier choose : Random Forest
lug 20, 2021 10:25:28 AM utility.ProjectLogger saveMess
INFO: No selection filteredTrainSet null
lug 20, 2021 10:25:28 AM utility.ProjectLogger saveMess
INFO: No selection filteredTestSet null
lug 20, 2021 10:25:28 AM utility.ProjectLogger saveMess
INFO: Invalid walk
lug 20, 2021 10:25:28 AM utility.ProjectLogger saveMess
INFO: Invalid walk
lug 20, 2021 10:25:28 AM utility.ProjectLogger saveMess
INFO: Invalid walk
lug 20, 2021 10:25:29 AM utility.ProjectLogger saveMess
INFO: Invalid walk
lug 20, 2021 10:25:29 AM utility.ProjectLogger saveMess
INFO: Invalid walk
lug 20, 2021 10:25:29 AM utility.ProjectLogger saveMess
INFO: Invalid walk
lug 20, 2021 10:25:30 AM utility.ProjectLogger saveMess
INFO: Invalid walk
lug 20, 2021 10:25:31 AM utility.ProjectLogger saveMess
INFO: classifier choose : IBk
lug 20, 2021 10:25:31 AM utility.ProjectLogger saveMess
INFO: No selection filteredTrainSet null
lug 20, 2021 10:25:31 AM utility.ProjectLogger saveMess
INFO: No selection filteredTestSet null
lug 20, 2021 10:25:31 AM utility.ProjectLogger saveMess
INFO: Invalid walk
lug 20, 2021 10:25:31 AM utility.ProjectLogger saveMess
INFO: Invalid walk
lug 20, 2021 10:25:31 AM utility.ProjectLogger saveMess
INFO: Invalid walk
lug 20, 2021 10:25:31 AM utility.ProjectLogger saveMess
INFO: Invalid walk
lug 20, 2021 10:25:31 AM utility.ProjectLogger saveMess
INFO: Invalid walk
lug 20, 2021 10:25:31 AM utility.ProjectLogger saveMess
INFO: Invalid walk
lug 20, 2021 10:25:31 AM utility.ProjectLogger saveMess
INFO: Invalid walk
lug 20, 2021 10:25:31 AM utility.ProjectLogger saveMess
INFO: Invalid walk
lug 20, 2021 10:25:31 AM utility.ProjectLogger saveMess
INFO: Invalid walk
lug 20, 2021 10:25:32 AM utility.ProjectLogger saveMess
INFO: Invalid walk
lug 20, 2021 10:25:32 AM utility.ProjectLogger saveMess
INFO: Invalid walk
lug 20, 2021 10:25:32 AM utility.ProjectLogger saveMess
INFO: classifier choose : Naive Bayes
lug 20, 2021 10:25:32 AM utility.ProjectLogger saveMess
INFO: No selection filteredTrainSet null
lug 20, 2021 10:25:32 AM utility.ProjectLogger saveMess
INFO: No selection filteredTestSet null
lug 20, 2021 10:25:32 AM utility.ProjectLogger saveMess
INFO: Invalid walk
lug 20, 2021 10:25:34 AM utility.ProjectLogger saveMess
INFO: classifier choose : Random Forest
lug 20, 2021 10:25:34 AM utility.ProjectLogger saveMess
INFO: No selection filteredTrainSet null
lug 20, 2021 10:25:34 AM utility.ProjectLogger saveMess
INFO: No selection filteredTestSet null
lug 20, 2021 10:25:34 AM utility.ProjectLogger saveMess
INFO: Invalid walk
lug 20, 2021 10:25:34 AM utility.ProjectLogger saveMess
INFO: Invalid walk
lug 20, 2021 10:25:34 AM utility.ProjectLogger saveMess
INFO: Invalid walk
lug 20, 2021 10:25:35 AM utility.ProjectLogger saveMess
INFO: Invalid walk
lug 20, 2021 10:25:36 AM utility.ProjectLogger saveMess
INFO: Invalid walk
lug 20, 2021 10:25:36 AM utility.ProjectLogger saveMess
INFO: Invalid walk
lug 20, 2021 10:25:38 AM utility.ProjectLogger saveMess
INFO: classifier choose : IBk
lug 20, 2021 10:25:38 AM utility.ProjectLogger saveMess
INFO: No selection filteredTrainSet null
lug 20, 2021 10:25:38 AM utility.ProjectLogger saveMess
INFO: No selection filteredTestSet null
lug 20, 2021 10:25:39 AM utility.ProjectLogger saveMess
INFO: Invalid walk
lug 20, 2021 10:25:39 AM utility.ProjectLogger saveMess
INFO: Invalid walk
lug 20, 2021 10:25:39 AM utility.ProjectLogger saveMess
INFO: Invalid walk
lug 20, 2021 10:25:39 AM utility.ProjectLogger saveMess
INFO: Invalid walk
lug 20, 2021 10:25:39 AM utility.ProjectLogger saveMess
INFO: Invalid walk
lug 20, 2021 10:25:39 AM utility.ProjectLogger saveMess
INFO: Invalid walk
lug 20, 2021 10:25:39 AM utility.ProjectLogger saveMess
INFO: Invalid walk
lug 20, 2021 10:25:40 AM utility.ProjectLogger saveMess
INFO: Invalid walk
lug 20, 2021 10:25:40 AM utility.ProjectLogger saveMess
INFO: Invalid walk
lug 20, 2021 10:25:41 AM utility.ProjectLogger saveMess
INFO: classifier choose : Naive Bayes
lug 20, 2021 10:25:41 AM utility.ProjectLogger saveMess
INFO: No selection filteredTrainSet null
lug 20, 2021 10:25:41 AM utility.ProjectLogger saveMess
INFO: No selection filteredTestSet null
lug 20, 2021 10:25:44 AM utility.ProjectLogger saveMess
INFO: classifier choose : Random Forest
lug 20, 2021 10:25:44 AM utility.ProjectLogger saveMess
INFO: No selection filteredTrainSet null
lug 20, 2021 10:25:44 AM utility.ProjectLogger saveMess
INFO: No selection filteredTestSet null
lug 20, 2021 10:25:44 AM utility.ProjectLogger saveMess
INFO: Invalid walk
lug 20, 2021 10:25:45 AM utility.ProjectLogger saveMess
INFO: Invalid walk
lug 20, 2021 10:25:45 AM utility.ProjectLogger saveMess
INFO: Invalid walk
lug 20, 2021 10:25:51 AM utility.ProjectLogger saveMess
INFO: classifier choose : IBk
lug 20, 2021 10:25:51 AM utility.ProjectLogger saveMess
INFO: No selection filteredTrainSet null
lug 20, 2021 10:25:51 AM utility.ProjectLogger saveMess
INFO: No selection filteredTestSet null
lug 20, 2021 10:25:51 AM utility.ProjectLogger saveMess
INFO: Invalid walk
lug 20, 2021 10:25:51 AM utility.ProjectLogger saveMess
INFO: Invalid walk
lug 20, 2021 10:25:51 AM utility.ProjectLogger saveMess
INFO: Invalid walk
lug 20, 2021 10:25:51 AM utility.ProjectLogger saveMess
INFO: Invalid walk
lug 20, 2021 10:25:52 AM utility.ProjectLogger saveMess
INFO: Invalid walk
lug 20, 2021 10:25:52 AM utility.ProjectLogger saveMess
INFO: Invalid walk
lug 20, 2021 10:25:52 AM utility.ProjectLogger saveMess
INFO: Invalid walk
lug 20, 2021 10:25:53 AM utility.ProjectLogger saveMess
INFO: Invalid walk
lug 20, 2021 10:25:54 AM utility.ProjectLogger saveMess
INFO: Invalid walk
lug 20, 2021 10:25:56 AM utility.ProjectLogger saveMess
INFO: classifier choose : Naive Bayes
lug 20, 2021 10:25:56 AM utility.ProjectLogger saveMess
INFO: No selection filteredTrainSet null
lug 20, 2021 10:25:56 AM utility.ProjectLogger saveMess
INFO: No selection filteredTestSet null
lug 20, 2021 10:26:01 AM utility.ProjectLogger saveMess
INFO: classifier choose : Random Forest
lug 20, 2021 10:26:01 AM utility.ProjectLogger saveMess
INFO: No selection filteredTrainSet null
lug 20, 2021 10:26:01 AM utility.ProjectLogger saveMess
INFO: No selection filteredTestSet null
lug 20, 2021 10:26:14 AM utility.ProjectLogger saveMess
INFO: classifier choose : IBk
lug 20, 2021 10:26:14 AM utility.ProjectLogger saveMess
INFO: No selection filteredTrainSet null
lug 20, 2021 10:26:14 AM utility.ProjectLogger saveMess
INFO: No selection filteredTestSet null
lug 20, 2021 10:26:22 AM utility.ProjectLogger saveMess
INFO: classifier choose : Naive Bayes
lug 20, 2021 10:26:22 AM utility.ProjectLogger saveMess
INFO: No selection filteredTrainSet null
lug 20, 2021 10:26:22 AM utility.ProjectLogger saveMess
INFO: No selection filteredTestSet null
lug 20, 2021 10:26:29 AM utility.ProjectLogger saveMess
INFO: classifier choose : Random Forest
lug 20, 2021 10:26:29 AM utility.ProjectLogger saveMess
INFO: No selection filteredTrainSet null
lug 20, 2021 10:26:29 AM utility.ProjectLogger saveMess
INFO: No selection filteredTestSet null
lug 20, 2021 10:26:48 AM utility.ProjectLogger saveMess
INFO: classifier choose : IBk
lug 20, 2021 10:26:48 AM utility.ProjectLogger saveMess
INFO: No selection filteredTrainSet null
lug 20, 2021 10:26:48 AM utility.ProjectLogger saveMess
INFO: No selection filteredTestSet null
lug 20, 2021 10:26:59 AM utility.ProjectLogger saveMess
INFO: classifier choose : Naive Bayes
lug 20, 2021 10:26:59 AM utility.ProjectLogger saveMess
INFO: No selection filteredTrainSet null
lug 20, 2021 10:26:59 AM utility.ProjectLogger saveMess
INFO: No selection filteredTestSet null
lug 20, 2021 10:27:09 AM utility.ProjectLogger saveMess
INFO: classifier choose : Random Forest
lug 20, 2021 10:27:09 AM utility.ProjectLogger saveMess
INFO: No selection filteredTrainSet null
lug 20, 2021 10:27:09 AM utility.ProjectLogger saveMess
INFO: No selection filteredTestSet null
lug 20, 2021 10:27:35 AM utility.ProjectLogger saveMess
INFO: classifier choose : IBk
lug 20, 2021 10:27:35 AM utility.ProjectLogger saveMess
INFO: No selection filteredTrainSet null
lug 20, 2021 10:27:35 AM utility.ProjectLogger saveMess
INFO: No selection filteredTestSet null
lug 20, 2021 10:27:52 AM utility.ProjectLogger saveMess
INFO: classifier choose : Naive Bayes
lug 20, 2021 10:27:52 AM utility.ProjectLogger saveMess
INFO: No selection filteredTrainSet null
lug 20, 2021 10:27:52 AM utility.ProjectLogger saveMess
INFO: No selection filteredTestSet null
lug 20, 2021 10:28:07 AM utility.ProjectLogger saveMess
INFO: classifier choose : Random Forest
lug 20, 2021 10:28:07 AM utility.ProjectLogger saveMess
INFO: No selection filteredTrainSet null
lug 20, 2021 10:28:07 AM utility.ProjectLogger saveMess
INFO: No selection filteredTestSet null
lug 20, 2021 10:28:43 AM utility.ProjectLogger saveMess
INFO: classifier choose : IBk
lug 20, 2021 10:28:43 AM utility.ProjectLogger saveMess
INFO: No selection filteredTrainSet null
lug 20, 2021 10:28:43 AM utility.ProjectLogger saveMess
INFO: No selection filteredTestSet null
lug 20, 2021 10:29:05 AM utility.ProjectLogger saveMess
INFO: classifier choose : Naive Bayes
lug 20, 2021 10:29:05 AM utility.ProjectLogger saveMess
INFO: No selection filteredTrainSet null
lug 20, 2021 10:29:05 AM utility.ProjectLogger saveMess
INFO: No selection filteredTestSet null
lug 20, 2021 10:29:25 AM utility.ProjectLogger saveMess
INFO: classifier choose : Random Forest
lug 20, 2021 10:29:25 AM utility.ProjectLogger saveMess
INFO: No selection filteredTrainSet null
lug 20, 2021 10:29:25 AM utility.ProjectLogger saveMess
INFO: No selection filteredTestSet null
lug 20, 2021 10:30:21 AM utility.ProjectLogger saveMess
INFO: classifier choose : IBk
lug 20, 2021 10:30:21 AM utility.ProjectLogger saveMess
INFO: No selection filteredTrainSet null
lug 20, 2021 10:30:21 AM utility.ProjectLogger saveMess
INFO: No selection filteredTestSet null
lug 20, 2021 10:30:54 AM utility.ProjectLogger saveMess
INFO: classifier choose : Naive Bayes
lug 20, 2021 10:30:54 AM utility.ProjectLogger saveMess
INFO: No selection filteredTrainSet null
lug 20, 2021 10:30:54 AM utility.ProjectLogger saveMess
INFO: No selection filteredTestSet null
lug 20, 2021 10:31:24 AM utility.ProjectLogger saveMess
INFO: classifier choose : Random Forest
lug 20, 2021 10:31:24 AM utility.ProjectLogger saveMess
INFO: No selection filteredTrainSet null
lug 20, 2021 10:31:24 AM utility.ProjectLogger saveMess
INFO: No selection filteredTestSet null
lug 20, 2021 10:32:28 AM utility.ProjectLogger saveMess
INFO: classifier choose : IBk
lug 20, 2021 10:32:28 AM utility.ProjectLogger saveMess
INFO: No selection filteredTrainSet null
lug 20, 2021 10:32:28 AM utility.ProjectLogger saveMess
INFO: No selection filteredTestSet null
lug 20, 2021 10:33:09 AM utility.ProjectLogger saveMess
INFO: classifier choose : Naive Bayes
lug 20, 2021 10:33:09 AM utility.ProjectLogger saveMess
INFO: No selection filteredTrainSet null
lug 20, 2021 10:33:09 AM utility.ProjectLogger saveMess
INFO: No selection filteredTestSet null
lug 20, 2021 10:33:47 AM utility.ProjectLogger saveMess
INFO: classifier choose : Random Forest
lug 20, 2021 10:33:47 AM utility.ProjectLogger saveMess
INFO: No selection filteredTrainSet null
lug 20, 2021 10:33:47 AM utility.ProjectLogger saveMess
INFO: No selection filteredTestSet null
lug 20, 2021 10:33:57 AM utility.ProjectLogger saveMess
INFO: Invalid walk
