lug 09, 2021 5:31:58 PM utility.ProjectLogger saveMess
INFO: deliverable1 start
lug 09, 2021 5:31:58 PM utility.ProjectLogger saveMess
INFO: starting deliverable 2
lug 09, 2021 5:31:58 PM utility.ProjectLogger saveMess
INFO:  [*] Starting retrieve data for BOOKKEEPER
lug 09, 2021 5:32:01 PM utility.ProjectLogger saveMess
INFO: files: 5708
lug 09, 2021 5:32:11 PM utility.ProjectLogger saveMess
INFO:  [*] Exiting for BOOKKEEPER
lug 09, 2021 5:32:11 PM utility.ProjectLogger saveMess
INFO: [*]Getting csv File: BOOKKEEPER_metris.csv and starting machine learning processing
lug 09, 2021 5:32:12 PM utility.ProjectLogger saveMess
INFO: arff file correctly created
lug 09, 2021 5:32:12 PM utility.ProjectLogger saveMess
INFO: last Walk7
lug 09, 2021 5:32:12 PM utility.ProjectLogger saveMess
INFO: *********************************
The train set is up to the 1.0th release
*********************************
lug 09, 2021 5:32:12 PM utility.ProjectLogger saveMess
INFO: *********************************
The train set is up to the 2.0th release
*********************************
lug 09, 2021 5:32:12 PM utility.ProjectLogger saveMess
INFO: *********************************
The train set is up to the 3.0th release
*********************************
lug 09, 2021 5:32:12 PM utility.ProjectLogger saveMess
INFO: *********************************
The train set is up to the 4.0th release
*********************************
lug 09, 2021 5:32:12 PM utility.ProjectLogger saveMess
INFO: *********************************
The train set is up to the 5.0th release
*********************************
lug 09, 2021 5:32:12 PM utility.ProjectLogger saveMess
INFO: *********************************
The train set is up to the 6.0th release
*********************************
lug 09, 2021 5:32:12 PM utility.ProjectLogger saveMess
INFO: classifier choose : Random Forest
lug 09, 2021 5:32:12 PM utility.ProjectLogger saveMess
INFO: No selection filteredTrainSet null
lug 09, 2021 5:32:12 PM utility.ProjectLogger saveMess
INFO: No selection filteredTestSet null
lug 09, 2021 5:32:16 PM utility.ProjectLogger saveMess
INFO: classifier choose : IBk
lug 09, 2021 5:32:16 PM utility.ProjectLogger saveMess
INFO: No selection filteredTrainSet null
lug 09, 2021 5:32:16 PM utility.ProjectLogger saveMess
INFO: No selection filteredTestSet null
lug 09, 2021 5:32:18 PM utility.ProjectLogger saveMess
INFO: classifier choose : Naive Bayes
lug 09, 2021 5:32:18 PM utility.ProjectLogger saveMess
INFO: No selection filteredTrainSet null
lug 09, 2021 5:32:18 PM utility.ProjectLogger saveMess
INFO: No selection filteredTestSet null
lug 09, 2021 5:32:18 PM utility.ProjectLogger saveMess
INFO: classifier choose : Random Forest
lug 09, 2021 5:32:18 PM utility.ProjectLogger saveMess
INFO: No selection filteredTrainSet null
lug 09, 2021 5:32:18 PM utility.ProjectLogger saveMess
INFO: No selection filteredTestSet null
lug 09, 2021 5:32:27 PM utility.ProjectLogger saveMess
INFO: classifier choose : IBk
lug 09, 2021 5:32:27 PM utility.ProjectLogger saveMess
INFO: No selection filteredTrainSet null
lug 09, 2021 5:32:27 PM utility.ProjectLogger saveMess
INFO: No selection filteredTestSet null
lug 09, 2021 5:32:29 PM utility.ProjectLogger saveMess
INFO: classifier choose : Naive Bayes
lug 09, 2021 5:32:29 PM utility.ProjectLogger saveMess
INFO: No selection filteredTrainSet null
lug 09, 2021 5:32:29 PM utility.ProjectLogger saveMess
INFO: No selection filteredTestSet null
lug 09, 2021 5:32:30 PM utility.ProjectLogger saveMess
INFO: classifier choose : Random Forest
lug 09, 2021 5:32:30 PM utility.ProjectLogger saveMess
INFO: No selection filteredTrainSet null
lug 09, 2021 5:32:30 PM utility.ProjectLogger saveMess
INFO: No selection filteredTestSet null
lug 09, 2021 5:32:33 PM utility.ProjectLogger saveMess
INFO: Invalid walk
lug 09, 2021 5:32:43 PM utility.ProjectLogger saveMess
INFO: Invalid walk
lug 09, 2021 5:32:43 PM utility.ProjectLogger saveMess
INFO: Invalid walk
lug 09, 2021 5:32:43 PM utility.ProjectLogger saveMess
INFO: Invalid walk
lug 09, 2021 5:32:44 PM utility.ProjectLogger saveMess
INFO: Invalid walk
lug 09, 2021 5:32:44 PM utility.ProjectLogger saveMess
INFO: Invalid walk
lug 09, 2021 5:32:44 PM utility.ProjectLogger saveMess
INFO: Invalid walk
lug 09, 2021 5:32:44 PM utility.ProjectLogger saveMess
INFO: Invalid walk
lug 09, 2021 5:32:44 PM utility.ProjectLogger saveMess
INFO: Invalid walk
lug 09, 2021 5:32:45 PM utility.ProjectLogger saveMess
INFO: Invalid walk
lug 09, 2021 5:32:46 PM utility.ProjectLogger saveMess
INFO: Invalid walk
lug 09, 2021 5:32:46 PM utility.ProjectLogger saveMess
INFO: Invalid walk
lug 09, 2021 5:32:47 PM utility.ProjectLogger saveMess
INFO: Invalid walk
lug 09, 2021 5:32:47 PM utility.ProjectLogger saveMess
INFO: classifier choose : IBk
lug 09, 2021 5:32:47 PM utility.ProjectLogger saveMess
INFO: No selection filteredTrainSet null
lug 09, 2021 5:32:47 PM utility.ProjectLogger saveMess
INFO: No selection filteredTestSet null
lug 09, 2021 5:32:47 PM utility.ProjectLogger saveMess
INFO: Invalid walk
lug 09, 2021 5:32:51 PM utility.ProjectLogger saveMess
INFO: Invalid walk
lug 09, 2021 5:32:51 PM utility.ProjectLogger saveMess
INFO: Invalid walk
lug 09, 2021 5:32:51 PM utility.ProjectLogger saveMess
INFO: Invalid walk
lug 09, 2021 5:32:51 PM utility.ProjectLogger saveMess
INFO: Invalid walk
lug 09, 2021 5:32:51 PM utility.ProjectLogger saveMess
INFO: Invalid walk
lug 09, 2021 5:32:51 PM utility.ProjectLogger saveMess
INFO: Invalid walk
lug 09, 2021 5:32:51 PM utility.ProjectLogger saveMess
INFO: Invalid walk
lug 09, 2021 5:32:51 PM utility.ProjectLogger saveMess
INFO: Invalid walk
lug 09, 2021 5:32:52 PM utility.ProjectLogger saveMess
INFO: Invalid walk
lug 09, 2021 5:32:52 PM utility.ProjectLogger saveMess
INFO: Invalid walk
lug 09, 2021 5:32:52 PM utility.ProjectLogger saveMess
INFO: Invalid walk
lug 09, 2021 5:32:53 PM utility.ProjectLogger saveMess
INFO: Invalid walk
lug 09, 2021 5:32:53 PM utility.ProjectLogger saveMess
INFO: classifier choose : Naive Bayes
lug 09, 2021 5:32:53 PM utility.ProjectLogger saveMess
INFO: No selection filteredTrainSet null
lug 09, 2021 5:32:53 PM utility.ProjectLogger saveMess
INFO: No selection filteredTestSet null
lug 09, 2021 5:32:53 PM utility.ProjectLogger saveMess
INFO: Invalid walk
lug 09, 2021 5:32:53 PM utility.ProjectLogger saveMess
INFO: Invalid walk
lug 09, 2021 5:32:53 PM utility.ProjectLogger saveMess
INFO: Invalid walk
lug 09, 2021 5:32:53 PM utility.ProjectLogger saveMess
INFO: Invalid walk
lug 09, 2021 5:32:53 PM utility.ProjectLogger saveMess
INFO: Invalid walk
lug 09, 2021 5:32:53 PM utility.ProjectLogger saveMess
INFO: Invalid walk
lug 09, 2021 5:32:54 PM utility.ProjectLogger saveMess
INFO: Invalid walk
lug 09, 2021 5:32:54 PM utility.ProjectLogger saveMess
INFO: Invalid walk
lug 09, 2021 5:32:54 PM utility.ProjectLogger saveMess
INFO: Invalid walk
lug 09, 2021 5:32:54 PM utility.ProjectLogger saveMess
INFO: Invalid walk
lug 09, 2021 5:32:54 PM utility.ProjectLogger saveMess
INFO: Invalid walk
lug 09, 2021 5:32:54 PM utility.ProjectLogger saveMess
INFO: Invalid walk
lug 09, 2021 5:32:54 PM utility.ProjectLogger saveMess
INFO: Invalid walk
lug 09, 2021 5:32:54 PM utility.ProjectLogger saveMess
INFO: Invalid walk
lug 09, 2021 5:32:55 PM utility.ProjectLogger saveMess
INFO: Invalid walk
lug 09, 2021 5:32:55 PM utility.ProjectLogger saveMess
INFO: Invalid walk
lug 09, 2021 5:32:55 PM utility.ProjectLogger saveMess
INFO: Invalid walk
lug 09, 2021 5:32:56 PM utility.ProjectLogger saveMess
INFO: Invalid walk
lug 09, 2021 5:32:56 PM utility.ProjectLogger saveMess
INFO: Invalid walk
lug 09, 2021 5:32:56 PM utility.ProjectLogger saveMess
INFO: Invalid walk
lug 09, 2021 5:32:56 PM utility.ProjectLogger saveMess
INFO: Invalid walk
lug 09, 2021 5:32:56 PM utility.ProjectLogger saveMess
INFO: Invalid walk
lug 09, 2021 5:32:56 PM utility.ProjectLogger saveMess
INFO: Invalid walk
lug 09, 2021 5:32:56 PM utility.ProjectLogger saveMess
INFO: Invalid walk
lug 09, 2021 5:32:56 PM utility.ProjectLogger saveMess
INFO: Invalid walk
lug 09, 2021 5:32:56 PM utility.ProjectLogger saveMess
INFO: Invalid walk
lug 09, 2021 5:32:56 PM utility.ProjectLogger saveMess
INFO: Invalid walk
lug 09, 2021 5:32:56 PM utility.ProjectLogger saveMess
INFO: Invalid walk
lug 09, 2021 5:32:57 PM utility.ProjectLogger saveMess
INFO: Invalid walk
lug 09, 2021 5:32:57 PM utility.ProjectLogger saveMess
INFO: classifier choose : Random Forest
lug 09, 2021 5:32:57 PM utility.ProjectLogger saveMess
INFO: No selection filteredTrainSet null
lug 09, 2021 5:32:57 PM utility.ProjectLogger saveMess
INFO: No selection filteredTestSet null
lug 09, 2021 5:33:14 PM utility.ProjectLogger saveMess
INFO: Invalid walk
lug 09, 2021 5:33:19 PM utility.ProjectLogger saveMess
INFO: classifier choose : IBk
lug 09, 2021 5:33:19 PM utility.ProjectLogger saveMess
INFO: No selection filteredTrainSet null
lug 09, 2021 5:33:19 PM utility.ProjectLogger saveMess
INFO: No selection filteredTestSet null
lug 09, 2021 5:33:29 PM utility.ProjectLogger saveMess
INFO: Invalid walk
lug 09, 2021 5:33:30 PM utility.ProjectLogger saveMess
INFO: classifier choose : Naive Bayes
lug 09, 2021 5:33:30 PM utility.ProjectLogger saveMess
INFO: No selection filteredTrainSet null
lug 09, 2021 5:33:30 PM utility.ProjectLogger saveMess
INFO: No selection filteredTestSet null
lug 09, 2021 5:33:33 PM utility.ProjectLogger saveMess
INFO: Invalid walk
lug 09, 2021 5:33:37 PM utility.ProjectLogger saveMess
INFO: classifier choose : Random Forest
lug 09, 2021 5:33:37 PM utility.ProjectLogger saveMess
INFO: No selection filteredTrainSet null
lug 09, 2021 5:33:37 PM utility.ProjectLogger saveMess
INFO: No selection filteredTestSet null
lug 09, 2021 5:33:59 PM utility.ProjectLogger saveMess
INFO: classifier choose : IBk
lug 09, 2021 5:33:59 PM utility.ProjectLogger saveMess
INFO: No selection filteredTrainSet null
lug 09, 2021 5:33:59 PM utility.ProjectLogger saveMess
INFO: No selection filteredTestSet null
lug 09, 2021 5:34:08 PM utility.ProjectLogger saveMess
INFO: classifier choose : Naive Bayes
lug 09, 2021 5:34:08 PM utility.ProjectLogger saveMess
INFO: No selection filteredTrainSet null
lug 09, 2021 5:34:08 PM utility.ProjectLogger saveMess
INFO: No selection filteredTestSet null
lug 09, 2021 5:34:08 PM utility.ProjectLogger saveMess
INFO: Invalid walk
lug 09, 2021 5:34:08 PM utility.ProjectLogger saveMess
INFO: Invalid walk
lug 09, 2021 5:34:10 PM utility.ProjectLogger saveMess
INFO: Invalid walk
lug 09, 2021 5:34:15 PM utility.ProjectLogger saveMess
INFO: classifier choose : Random Forest
lug 09, 2021 5:34:15 PM utility.ProjectLogger saveMess
INFO: No selection filteredTrainSet null
lug 09, 2021 5:34:15 PM utility.ProjectLogger saveMess
INFO: No selection filteredTestSet null
lug 09, 2021 5:34:42 PM utility.ProjectLogger saveMess
INFO: classifier choose : IBk
lug 09, 2021 5:34:42 PM utility.ProjectLogger saveMess
INFO: No selection filteredTrainSet null
lug 09, 2021 5:34:42 PM utility.ProjectLogger saveMess
INFO: No selection filteredTestSet null
lug 09, 2021 5:34:53 PM utility.ProjectLogger saveMess
INFO: classifier choose : Naive Bayes
lug 09, 2021 5:34:53 PM utility.ProjectLogger saveMess
INFO: No selection filteredTrainSet null
lug 09, 2021 5:34:53 PM utility.ProjectLogger saveMess
INFO: No selection filteredTestSet null
lug 09, 2021 5:35:03 PM utility.ProjectLogger saveMess
INFO:  [*] Starting retrieve data for ZOOKEEPER
lug 09, 2021 5:35:07 PM utility.ProjectLogger saveMess
INFO: files: 19953
lug 09, 2021 5:35:23 PM utility.ProjectLogger saveMess
INFO:  [*] Exiting for ZOOKEEPER
lug 09, 2021 5:35:23 PM utility.ProjectLogger saveMess
INFO: [*]Getting csv File: ZOOKEEPER_metris.csv and starting machine learning processing
lug 09, 2021 5:35:23 PM utility.ProjectLogger saveMess
INFO: arff file correctly created
lug 09, 2021 5:35:23 PM utility.ProjectLogger saveMess
INFO: last Walk21
lug 09, 2021 5:35:23 PM utility.ProjectLogger saveMess
INFO: *********************************
The train set is up to the 1.0th release
*********************************
lug 09, 2021 5:35:23 PM utility.ProjectLogger saveMess
INFO: *********************************
The train set is up to the 2.0th release
*********************************
lug 09, 2021 5:35:23 PM utility.ProjectLogger saveMess
INFO: *********************************
The train set is up to the 3.0th release
*********************************
lug 09, 2021 5:35:23 PM utility.ProjectLogger saveMess
INFO: *********************************
The train set is up to the 4.0th release
*********************************
lug 09, 2021 5:35:23 PM utility.ProjectLogger saveMess
INFO: *********************************
The train set is up to the 5.0th release
*********************************
lug 09, 2021 5:35:23 PM utility.ProjectLogger saveMess
INFO: *********************************
The train set is up to the 6.0th release
*********************************
lug 09, 2021 5:35:23 PM utility.ProjectLogger saveMess
INFO: *********************************
The train set is up to the 7.0th release
*********************************
lug 09, 2021 5:35:23 PM utility.ProjectLogger saveMess
INFO: *********************************
The train set is up to the 8.0th release
*********************************
lug 09, 2021 5:35:23 PM utility.ProjectLogger saveMess
INFO: *********************************
The train set is up to the 9.0th release
*********************************
lug 09, 2021 5:35:23 PM utility.ProjectLogger saveMess
INFO: *********************************
The train set is up to the 10.0th release
*********************************
lug 09, 2021 5:35:23 PM utility.ProjectLogger saveMess
INFO: *********************************
The train set is up to the 11.0th release
*********************************
lug 09, 2021 5:35:23 PM utility.ProjectLogger saveMess
INFO: *********************************
The train set is up to the 12.0th release
*********************************
lug 09, 2021 5:35:23 PM utility.ProjectLogger saveMess
INFO: *********************************
The train set is up to the 13.0th release
*********************************
lug 09, 2021 5:35:23 PM utility.ProjectLogger saveMess
INFO: *********************************
The train set is up to the 14.0th release
*********************************
lug 09, 2021 5:35:23 PM utility.ProjectLogger saveMess
INFO: *********************************
The train set is up to the 15.0th release
*********************************
lug 09, 2021 5:35:23 PM utility.ProjectLogger saveMess
INFO: *********************************
The train set is up to the 16.0th release
*********************************
lug 09, 2021 5:35:23 PM utility.ProjectLogger saveMess
INFO: *********************************
The train set is up to the 17.0th release
*********************************
lug 09, 2021 5:35:23 PM utility.ProjectLogger saveMess
INFO: *********************************
The train set is up to the 18.0th release
*********************************
lug 09, 2021 5:35:23 PM utility.ProjectLogger saveMess
INFO: *********************************
The train set is up to the 19.0th release
*********************************
lug 09, 2021 5:35:23 PM utility.ProjectLogger saveMess
INFO: *********************************
The train set is up to the 20.0th release
*********************************
lug 09, 2021 5:35:23 PM utility.ProjectLogger saveMess
INFO: classifier choose : Random Forest
lug 09, 2021 5:35:23 PM utility.ProjectLogger saveMess
INFO: No selection filteredTrainSet null
lug 09, 2021 5:35:23 PM utility.ProjectLogger saveMess
INFO: No selection filteredTestSet null
lug 09, 2021 5:35:25 PM utility.ProjectLogger saveMess
INFO: classifier choose : IBk
lug 09, 2021 5:35:25 PM utility.ProjectLogger saveMess
INFO: No selection filteredTrainSet null
lug 09, 2021 5:35:25 PM utility.ProjectLogger saveMess
INFO: No selection filteredTestSet null
lug 09, 2021 5:35:26 PM utility.ProjectLogger saveMess
INFO: classifier choose : Naive Bayes
lug 09, 2021 5:35:26 PM utility.ProjectLogger saveMess
INFO: No selection filteredTrainSet null
lug 09, 2021 5:35:26 PM utility.ProjectLogger saveMess
INFO: No selection filteredTestSet null
lug 09, 2021 5:35:27 PM utility.ProjectLogger saveMess
INFO: classifier choose : Random Forest
lug 09, 2021 5:35:27 PM utility.ProjectLogger saveMess
INFO: No selection filteredTrainSet null
lug 09, 2021 5:35:27 PM utility.ProjectLogger saveMess
INFO: No selection filteredTestSet null
lug 09, 2021 5:35:36 PM utility.ProjectLogger saveMess
INFO: classifier choose : IBk
lug 09, 2021 5:35:36 PM utility.ProjectLogger saveMess
INFO: No selection filteredTrainSet null
lug 09, 2021 5:35:36 PM utility.ProjectLogger saveMess
INFO: No selection filteredTestSet null
lug 09, 2021 5:35:38 PM utility.ProjectLogger saveMess
INFO: classifier choose : Naive Bayes
lug 09, 2021 5:35:38 PM utility.ProjectLogger saveMess
INFO: No selection filteredTrainSet null
lug 09, 2021 5:35:38 PM utility.ProjectLogger saveMess
INFO: No selection filteredTestSet null
lug 09, 2021 5:35:40 PM utility.ProjectLogger saveMess
INFO: classifier choose : Random Forest
lug 09, 2021 5:35:40 PM utility.ProjectLogger saveMess
INFO: No selection filteredTrainSet null
lug 09, 2021 5:35:40 PM utility.ProjectLogger saveMess
INFO: No selection filteredTestSet null
lug 09, 2021 5:35:43 PM utility.ProjectLogger saveMess
INFO: Invalid walk
lug 09, 2021 5:35:52 PM utility.ProjectLogger saveMess
INFO: Invalid walk
lug 09, 2021 5:35:53 PM utility.ProjectLogger saveMess
INFO: Invalid walk
lug 09, 2021 5:35:53 PM utility.ProjectLogger saveMess
INFO: Invalid walk
lug 09, 2021 5:35:53 PM utility.ProjectLogger saveMess
INFO: Invalid walk
lug 09, 2021 5:35:53 PM utility.ProjectLogger saveMess
INFO: Invalid walk
lug 09, 2021 5:35:53 PM utility.ProjectLogger saveMess
INFO: Invalid walk
lug 09, 2021 5:35:53 PM utility.ProjectLogger saveMess
INFO: Invalid walk
lug 09, 2021 5:35:54 PM utility.ProjectLogger saveMess
INFO: Invalid walk
lug 09, 2021 5:35:54 PM utility.ProjectLogger saveMess
INFO: Invalid walk
lug 09, 2021 5:35:54 PM utility.ProjectLogger saveMess
INFO: Invalid walk
lug 09, 2021 5:35:55 PM utility.ProjectLogger saveMess
INFO: Invalid walk
lug 09, 2021 5:35:55 PM utility.ProjectLogger saveMess
INFO: Invalid walk
lug 09, 2021 5:35:55 PM utility.ProjectLogger saveMess
INFO: classifier choose : IBk
lug 09, 2021 5:35:55 PM utility.ProjectLogger saveMess
INFO: No selection filteredTrainSet null
lug 09, 2021 5:35:55 PM utility.ProjectLogger saveMess
INFO: No selection filteredTestSet null
lug 09, 2021 5:35:56 PM utility.ProjectLogger saveMess
INFO: Invalid walk
lug 09, 2021 5:35:59 PM utility.ProjectLogger saveMess
INFO: Invalid walk
lug 09, 2021 5:35:59 PM utility.ProjectLogger saveMess
INFO: Invalid walk
lug 09, 2021 5:35:59 PM utility.ProjectLogger saveMess
INFO: Invalid walk
lug 09, 2021 5:35:59 PM utility.ProjectLogger saveMess
INFO: Invalid walk
lug 09, 2021 5:35:59 PM utility.ProjectLogger saveMess
INFO: Invalid walk
lug 09, 2021 5:35:59 PM utility.ProjectLogger saveMess
INFO: Invalid walk
lug 09, 2021 5:35:59 PM utility.ProjectLogger saveMess
INFO: Invalid walk
lug 09, 2021 5:35:59 PM utility.ProjectLogger saveMess
INFO: Invalid walk
lug 09, 2021 5:36:00 PM utility.ProjectLogger saveMess
INFO: Invalid walk
lug 09, 2021 5:36:00 PM utility.ProjectLogger saveMess
INFO: Invalid walk
lug 09, 2021 5:36:00 PM utility.ProjectLogger saveMess
INFO: Invalid walk
lug 09, 2021 5:36:00 PM utility.ProjectLogger saveMess
INFO: Invalid walk
lug 09, 2021 5:36:00 PM utility.ProjectLogger saveMess
INFO: classifier choose : Naive Bayes
lug 09, 2021 5:36:00 PM utility.ProjectLogger saveMess
INFO: No selection filteredTrainSet null
lug 09, 2021 5:36:00 PM utility.ProjectLogger saveMess
INFO: No selection filteredTestSet null
lug 09, 2021 5:36:00 PM utility.ProjectLogger saveMess
INFO: Invalid walk
lug 09, 2021 5:36:00 PM utility.ProjectLogger saveMess
INFO: Invalid walk
lug 09, 2021 5:36:00 PM utility.ProjectLogger saveMess
INFO: Invalid walk
lug 09, 2021 5:36:00 PM utility.ProjectLogger saveMess
INFO: Invalid walk
lug 09, 2021 5:36:00 PM utility.ProjectLogger saveMess
INFO: Invalid walk
lug 09, 2021 5:36:01 PM utility.ProjectLogger saveMess
INFO: Invalid walk
lug 09, 2021 5:36:02 PM utility.ProjectLogger saveMess
INFO: Invalid walk
lug 09, 2021 5:36:02 PM utility.ProjectLogger saveMess
INFO: Invalid walk
lug 09, 2021 5:36:02 PM utility.ProjectLogger saveMess
INFO: Invalid walk
lug 09, 2021 5:36:02 PM utility.ProjectLogger saveMess
INFO: Invalid walk
lug 09, 2021 5:36:02 PM utility.ProjectLogger saveMess
INFO: Invalid walk
lug 09, 2021 5:36:02 PM utility.ProjectLogger saveMess
INFO: Invalid walk
lug 09, 2021 5:36:02 PM utility.ProjectLogger saveMess
INFO: Invalid walk
lug 09, 2021 5:36:02 PM utility.ProjectLogger saveMess
INFO: Invalid walk
lug 09, 2021 5:36:03 PM utility.ProjectLogger saveMess
INFO: Invalid walk
lug 09, 2021 5:36:03 PM utility.ProjectLogger saveMess
INFO: Invalid walk
lug 09, 2021 5:36:03 PM utility.ProjectLogger saveMess
INFO: Invalid walk
lug 09, 2021 5:36:04 PM utility.ProjectLogger saveMess
INFO: Invalid walk
lug 09, 2021 5:36:04 PM utility.ProjectLogger saveMess
INFO: Invalid walk
lug 09, 2021 5:36:04 PM utility.ProjectLogger saveMess
INFO: Invalid walk
lug 09, 2021 5:36:04 PM utility.ProjectLogger saveMess
INFO: Invalid walk
lug 09, 2021 5:36:04 PM utility.ProjectLogger saveMess
INFO: Invalid walk
lug 09, 2021 5:36:04 PM utility.ProjectLogger saveMess
INFO: Invalid walk
lug 09, 2021 5:36:04 PM utility.ProjectLogger saveMess
INFO: Invalid walk
lug 09, 2021 5:36:04 PM utility.ProjectLogger saveMess
INFO: Invalid walk
lug 09, 2021 5:36:04 PM utility.ProjectLogger saveMess
INFO: Invalid walk
lug 09, 2021 5:36:04 PM utility.ProjectLogger saveMess
INFO: Invalid walk
lug 09, 2021 5:36:04 PM utility.ProjectLogger saveMess
INFO: Invalid walk
lug 09, 2021 5:36:04 PM utility.ProjectLogger saveMess
INFO: Invalid walk
lug 09, 2021 5:36:04 PM utility.ProjectLogger saveMess
INFO: classifier choose : Random Forest
lug 09, 2021 5:36:04 PM utility.ProjectLogger saveMess
INFO: No selection filteredTrainSet null
lug 09, 2021 5:36:04 PM utility.ProjectLogger saveMess
INFO: No selection filteredTestSet null
lug 09, 2021 5:36:22 PM utility.ProjectLogger saveMess
INFO: Invalid walk
lug 09, 2021 5:36:26 PM utility.ProjectLogger saveMess
INFO: classifier choose : IBk
lug 09, 2021 5:36:26 PM utility.ProjectLogger saveMess
INFO: No selection filteredTrainSet null
lug 09, 2021 5:36:26 PM utility.ProjectLogger saveMess
INFO: No selection filteredTestSet null
lug 09, 2021 5:36:36 PM utility.ProjectLogger saveMess
INFO: Invalid walk
lug 09, 2021 5:36:36 PM utility.ProjectLogger saveMess
INFO: classifier choose : Naive Bayes
lug 09, 2021 5:36:36 PM utility.ProjectLogger saveMess
INFO: No selection filteredTrainSet null
lug 09, 2021 5:36:36 PM utility.ProjectLogger saveMess
INFO: No selection filteredTestSet null
lug 09, 2021 5:36:40 PM utility.ProjectLogger saveMess
INFO: Invalid walk
lug 09, 2021 5:36:44 PM utility.ProjectLogger saveMess
INFO: classifier choose : Random Forest
lug 09, 2021 5:36:44 PM utility.ProjectLogger saveMess
INFO: No selection filteredTrainSet null
lug 09, 2021 5:36:44 PM utility.ProjectLogger saveMess
INFO: No selection filteredTestSet null
lug 09, 2021 5:37:05 PM utility.ProjectLogger saveMess
INFO: classifier choose : IBk
lug 09, 2021 5:37:05 PM utility.ProjectLogger saveMess
INFO: No selection filteredTrainSet null
lug 09, 2021 5:37:05 PM utility.ProjectLogger saveMess
INFO: No selection filteredTestSet null
lug 09, 2021 5:37:14 PM utility.ProjectLogger saveMess
INFO: classifier choose : Naive Bayes
lug 09, 2021 5:37:14 PM utility.ProjectLogger saveMess
INFO: No selection filteredTrainSet null
lug 09, 2021 5:37:14 PM utility.ProjectLogger saveMess
INFO: No selection filteredTestSet null
lug 09, 2021 5:37:14 PM utility.ProjectLogger saveMess
INFO: Invalid walk
lug 09, 2021 5:37:14 PM utility.ProjectLogger saveMess
INFO: Invalid walk
lug 09, 2021 5:37:16 PM utility.ProjectLogger saveMess
INFO: Invalid walk
lug 09, 2021 5:37:23 PM utility.ProjectLogger saveMess
INFO: classifier choose : Random Forest
lug 09, 2021 5:37:23 PM utility.ProjectLogger saveMess
INFO: No selection filteredTrainSet null
lug 09, 2021 5:37:23 PM utility.ProjectLogger saveMess
INFO: No selection filteredTestSet null
lug 09, 2021 5:37:53 PM utility.ProjectLogger saveMess
INFO: classifier choose : IBk
lug 09, 2021 5:37:53 PM utility.ProjectLogger saveMess
INFO: No selection filteredTrainSet null
lug 09, 2021 5:37:53 PM utility.ProjectLogger saveMess
INFO: No selection filteredTestSet null
lug 09, 2021 5:38:04 PM utility.ProjectLogger saveMess
INFO: classifier choose : Naive Bayes
lug 09, 2021 5:38:04 PM utility.ProjectLogger saveMess
INFO: No selection filteredTrainSet null
lug 09, 2021 5:38:04 PM utility.ProjectLogger saveMess
INFO: No selection filteredTestSet null
lug 09, 2021 5:38:14 PM utility.ProjectLogger saveMess
INFO: classifier choose : Random Forest
lug 09, 2021 5:38:14 PM utility.ProjectLogger saveMess
INFO: No selection filteredTrainSet null
lug 09, 2021 5:38:14 PM utility.ProjectLogger saveMess
INFO: No selection filteredTestSet null
lug 09, 2021 5:38:14 PM utility.ProjectLogger saveMess
INFO: Invalid walk
lug 09, 2021 5:38:14 PM utility.ProjectLogger saveMess
INFO: Invalid walk
lug 09, 2021 5:38:14 PM utility.ProjectLogger saveMess
INFO: Invalid walk
lug 09, 2021 5:38:14 PM utility.ProjectLogger saveMess
INFO: Invalid walk
lug 09, 2021 5:38:14 PM utility.ProjectLogger saveMess
INFO: Invalid walk
lug 09, 2021 5:38:14 PM utility.ProjectLogger saveMess
INFO: Invalid walk
lug 09, 2021 5:38:14 PM utility.ProjectLogger saveMess
INFO: Invalid walk
lug 09, 2021 5:38:14 PM utility.ProjectLogger saveMess
INFO: Invalid walk
lug 09, 2021 5:38:14 PM utility.ProjectLogger saveMess
INFO: classifier choose : IBk
lug 09, 2021 5:38:14 PM utility.ProjectLogger saveMess
INFO: No selection filteredTrainSet null
lug 09, 2021 5:38:14 PM utility.ProjectLogger saveMess
INFO: No selection filteredTestSet null
lug 09, 2021 5:38:14 PM utility.ProjectLogger saveMess
INFO: Invalid walk
lug 09, 2021 5:38:14 PM utility.ProjectLogger saveMess
INFO: Invalid walk
lug 09, 2021 5:38:14 PM utility.ProjectLogger saveMess
INFO: Invalid walk
lug 09, 2021 5:38:14 PM utility.ProjectLogger saveMess
INFO: Invalid walk
lug 09, 2021 5:38:14 PM utility.ProjectLogger saveMess
INFO: Invalid walk
lug 09, 2021 5:38:14 PM utility.ProjectLogger saveMess
INFO: Invalid walk
lug 09, 2021 5:38:14 PM utility.ProjectLogger saveMess
INFO: Invalid walk
lug 09, 2021 5:38:14 PM utility.ProjectLogger saveMess
INFO: Invalid walk
lug 09, 2021 5:38:14 PM utility.ProjectLogger saveMess
INFO: Invalid walk
lug 09, 2021 5:38:14 PM utility.ProjectLogger saveMess
INFO: Invalid walk
lug 09, 2021 5:38:14 PM utility.ProjectLogger saveMess
INFO: Invalid walk
lug 09, 2021 5:38:14 PM utility.ProjectLogger saveMess
INFO: Invalid walk
lug 09, 2021 5:38:14 PM utility.ProjectLogger saveMess
INFO: classifier choose : Naive Bayes
lug 09, 2021 5:38:14 PM utility.ProjectLogger saveMess
INFO: No selection filteredTrainSet null
lug 09, 2021 5:38:14 PM utility.ProjectLogger saveMess
INFO: No selection filteredTestSet null
lug 09, 2021 5:38:14 PM utility.ProjectLogger saveMess
INFO: Invalid walk
lug 09, 2021 5:38:14 PM utility.ProjectLogger saveMess
INFO: Invalid walk
lug 09, 2021 5:38:14 PM utility.ProjectLogger saveMess
INFO: Invalid walk
lug 09, 2021 5:38:14 PM utility.ProjectLogger saveMess
INFO: Invalid walk
lug 09, 2021 5:38:14 PM utility.ProjectLogger saveMess
INFO: Invalid walk
lug 09, 2021 5:38:14 PM utility.ProjectLogger saveMess
INFO: Invalid walk
lug 09, 2021 5:38:14 PM utility.ProjectLogger saveMess
INFO: Invalid walk
lug 09, 2021 5:38:14 PM utility.ProjectLogger saveMess
INFO: Invalid walk
lug 09, 2021 5:38:14 PM utility.ProjectLogger saveMess
INFO: Invalid walk
lug 09, 2021 5:38:14 PM utility.ProjectLogger saveMess
INFO: Invalid walk
lug 09, 2021 5:38:14 PM utility.ProjectLogger saveMess
INFO: Invalid walk
lug 09, 2021 5:38:14 PM utility.ProjectLogger saveMess
INFO: Invalid walk
lug 09, 2021 5:38:14 PM utility.ProjectLogger saveMess
INFO: classifier choose : Random Forest
lug 09, 2021 5:38:14 PM utility.ProjectLogger saveMess
INFO: No selection filteredTrainSet null
lug 09, 2021 5:38:14 PM utility.ProjectLogger saveMess
INFO: No selection filteredTestSet null
lug 09, 2021 5:38:14 PM utility.ProjectLogger saveMess
INFO: Invalid walk
lug 09, 2021 5:38:14 PM utility.ProjectLogger saveMess
INFO: Invalid walk
lug 09, 2021 5:38:14 PM utility.ProjectLogger saveMess
INFO: Invalid walk
lug 09, 2021 5:38:15 PM utility.ProjectLogger saveMess
INFO: Invalid walk
lug 09, 2021 5:38:15 PM utility.ProjectLogger saveMess
INFO: Invalid walk
lug 09, 2021 5:38:15 PM utility.ProjectLogger saveMess
INFO: Invalid walk
lug 09, 2021 5:38:15 PM utility.ProjectLogger saveMess
INFO: Invalid walk
lug 09, 2021 5:38:15 PM utility.ProjectLogger saveMess
INFO: Invalid walk
lug 09, 2021 5:38:15 PM utility.ProjectLogger saveMess
INFO: Invalid walk
lug 09, 2021 5:38:15 PM utility.ProjectLogger saveMess
INFO: Invalid walk
lug 09, 2021 5:38:15 PM utility.ProjectLogger saveMess
INFO: Invalid walk
lug 09, 2021 5:38:16 PM utility.ProjectLogger saveMess
INFO: Invalid walk
lug 09, 2021 5:38:16 PM utility.ProjectLogger saveMess
INFO: classifier choose : IBk
lug 09, 2021 5:38:16 PM utility.ProjectLogger saveMess
INFO: No selection filteredTrainSet null
lug 09, 2021 5:38:16 PM utility.ProjectLogger saveMess
INFO: No selection filteredTestSet null
lug 09, 2021 5:38:16 PM utility.ProjectLogger saveMess
INFO: Invalid walk
lug 09, 2021 5:38:16 PM utility.ProjectLogger saveMess
INFO: Invalid walk
lug 09, 2021 5:38:16 PM utility.ProjectLogger saveMess
INFO: Invalid walk
lug 09, 2021 5:38:16 PM utility.ProjectLogger saveMess
INFO: Invalid walk
lug 09, 2021 5:38:16 PM utility.ProjectLogger saveMess
INFO: Invalid walk
lug 09, 2021 5:38:16 PM utility.ProjectLogger saveMess
INFO: Invalid walk
lug 09, 2021 5:38:16 PM utility.ProjectLogger saveMess
INFO: Invalid walk
lug 09, 2021 5:38:16 PM utility.ProjectLogger saveMess
INFO: Invalid walk
lug 09, 2021 5:38:17 PM utility.ProjectLogger saveMess
INFO: classifier choose : Naive Bayes
lug 09, 2021 5:38:17 PM utility.ProjectLogger saveMess
INFO: No selection filteredTrainSet null
lug 09, 2021 5:38:17 PM utility.ProjectLogger saveMess
INFO: No selection filteredTestSet null
lug 09, 2021 5:38:17 PM utility.ProjectLogger saveMess
INFO: Invalid walk
lug 09, 2021 5:38:17 PM utility.ProjectLogger saveMess
INFO: Invalid walk
lug 09, 2021 5:38:17 PM utility.ProjectLogger saveMess
INFO: Invalid walk
lug 09, 2021 5:38:17 PM utility.ProjectLogger saveMess
INFO: Invalid walk
lug 09, 2021 5:38:17 PM utility.ProjectLogger saveMess
INFO: Invalid walk
lug 09, 2021 5:38:17 PM utility.ProjectLogger saveMess
INFO: Invalid walk
lug 09, 2021 5:38:17 PM utility.ProjectLogger saveMess
INFO: Invalid walk
lug 09, 2021 5:38:17 PM utility.ProjectLogger saveMess
INFO: Invalid walk
lug 09, 2021 5:38:17 PM utility.ProjectLogger saveMess
INFO: Invalid walk
lug 09, 2021 5:38:17 PM utility.ProjectLogger saveMess
INFO: Invalid walk
lug 09, 2021 5:38:17 PM utility.ProjectLogger saveMess
INFO: Invalid walk
lug 09, 2021 5:38:17 PM utility.ProjectLogger saveMess
INFO: Invalid walk
lug 09, 2021 5:38:17 PM utility.ProjectLogger saveMess
INFO: Invalid walk
lug 09, 2021 5:38:17 PM utility.ProjectLogger saveMess
INFO: Invalid walk
lug 09, 2021 5:38:17 PM utility.ProjectLogger saveMess
INFO: classifier choose : Random Forest
lug 09, 2021 5:38:17 PM utility.ProjectLogger saveMess
INFO: No selection filteredTrainSet null
lug 09, 2021 5:38:17 PM utility.ProjectLogger saveMess
INFO: No selection filteredTestSet null
lug 09, 2021 5:38:17 PM utility.ProjectLogger saveMess
INFO: Invalid walk
lug 09, 2021 5:38:17 PM utility.ProjectLogger saveMess
INFO: Invalid walk
lug 09, 2021 5:38:17 PM utility.ProjectLogger saveMess
INFO: Invalid walk
lug 09, 2021 5:38:18 PM utility.ProjectLogger saveMess
INFO: Invalid walk
lug 09, 2021 5:38:18 PM utility.ProjectLogger saveMess
INFO: Invalid walk
lug 09, 2021 5:38:19 PM utility.ProjectLogger saveMess
INFO: Invalid walk
lug 09, 2021 5:38:19 PM utility.ProjectLogger saveMess
INFO: Invalid walk
lug 09, 2021 5:38:20 PM utility.ProjectLogger saveMess
INFO: classifier choose : IBk
lug 09, 2021 5:38:20 PM utility.ProjectLogger saveMess
INFO: No selection filteredTrainSet null
lug 09, 2021 5:38:20 PM utility.ProjectLogger saveMess
INFO: No selection filteredTestSet null
lug 09, 2021 5:38:20 PM utility.ProjectLogger saveMess
INFO: Invalid walk
lug 09, 2021 5:38:20 PM utility.ProjectLogger saveMess
INFO: Invalid walk
lug 09, 2021 5:38:20 PM utility.ProjectLogger saveMess
INFO: Invalid walk
lug 09, 2021 5:38:20 PM utility.ProjectLogger saveMess
INFO: Invalid walk
lug 09, 2021 5:38:20 PM utility.ProjectLogger saveMess
INFO: Invalid walk
lug 09, 2021 5:38:20 PM utility.ProjectLogger saveMess
INFO: Invalid walk
lug 09, 2021 5:38:20 PM utility.ProjectLogger saveMess
INFO: Invalid walk
lug 09, 2021 5:38:20 PM utility.ProjectLogger saveMess
INFO: Invalid walk
lug 09, 2021 5:38:21 PM utility.ProjectLogger saveMess
INFO: Invalid walk
lug 09, 2021 5:38:21 PM utility.ProjectLogger saveMess
INFO: Invalid walk
lug 09, 2021 5:38:21 PM utility.ProjectLogger saveMess
INFO: Invalid walk
lug 09, 2021 5:38:22 PM utility.ProjectLogger saveMess
INFO: classifier choose : Naive Bayes
lug 09, 2021 5:38:22 PM utility.ProjectLogger saveMess
INFO: No selection filteredTrainSet null
lug 09, 2021 5:38:22 PM utility.ProjectLogger saveMess
INFO: No selection filteredTestSet null
lug 09, 2021 5:38:22 PM utility.ProjectLogger saveMess
INFO: Invalid walk
lug 09, 2021 5:38:23 PM utility.ProjectLogger saveMess
INFO: classifier choose : Random Forest
lug 09, 2021 5:38:23 PM utility.ProjectLogger saveMess
INFO: No selection filteredTrainSet null
lug 09, 2021 5:38:23 PM utility.ProjectLogger saveMess
INFO: No selection filteredTestSet null
lug 09, 2021 5:38:23 PM utility.ProjectLogger saveMess
INFO: Invalid walk
lug 09, 2021 5:38:23 PM utility.ProjectLogger saveMess
INFO: Invalid walk
lug 09, 2021 5:38:24 PM utility.ProjectLogger saveMess
INFO: Invalid walk
lug 09, 2021 5:38:24 PM utility.ProjectLogger saveMess
INFO: Invalid walk
lug 09, 2021 5:38:26 PM utility.ProjectLogger saveMess
INFO: Invalid walk
lug 09, 2021 5:38:26 PM utility.ProjectLogger saveMess
INFO: Invalid walk
lug 09, 2021 5:38:29 PM utility.ProjectLogger saveMess
INFO: classifier choose : IBk
lug 09, 2021 5:38:29 PM utility.ProjectLogger saveMess
INFO: No selection filteredTrainSet null
lug 09, 2021 5:38:29 PM utility.ProjectLogger saveMess
INFO: No selection filteredTestSet null
lug 09, 2021 5:38:29 PM utility.ProjectLogger saveMess
INFO: Invalid walk
lug 09, 2021 5:38:29 PM utility.ProjectLogger saveMess
INFO: Invalid walk
lug 09, 2021 5:38:29 PM utility.ProjectLogger saveMess
INFO: Invalid walk
lug 09, 2021 5:38:29 PM utility.ProjectLogger saveMess
INFO: Invalid walk
lug 09, 2021 5:38:29 PM utility.ProjectLogger saveMess
INFO: Invalid walk
lug 09, 2021 5:38:29 PM utility.ProjectLogger saveMess
INFO: Invalid walk
lug 09, 2021 5:38:29 PM utility.ProjectLogger saveMess
INFO: Invalid walk
lug 09, 2021 5:38:30 PM utility.ProjectLogger saveMess
INFO: Invalid walk
lug 09, 2021 5:38:31 PM utility.ProjectLogger saveMess
INFO: Invalid walk
lug 09, 2021 5:38:32 PM utility.ProjectLogger saveMess
INFO: classifier choose : Naive Bayes
lug 09, 2021 5:38:32 PM utility.ProjectLogger saveMess
INFO: No selection filteredTrainSet null
lug 09, 2021 5:38:32 PM utility.ProjectLogger saveMess
INFO: No selection filteredTestSet null
lug 09, 2021 5:38:35 PM utility.ProjectLogger saveMess
INFO: classifier choose : Random Forest
lug 09, 2021 5:38:35 PM utility.ProjectLogger saveMess
INFO: No selection filteredTrainSet null
lug 09, 2021 5:38:35 PM utility.ProjectLogger saveMess
INFO: No selection filteredTestSet null
lug 09, 2021 5:38:35 PM utility.ProjectLogger saveMess
INFO: Invalid walk
lug 09, 2021 5:38:36 PM utility.ProjectLogger saveMess
INFO: Invalid walk
lug 09, 2021 5:38:37 PM utility.ProjectLogger saveMess
INFO: Invalid walk
lug 09, 2021 5:38:43 PM utility.ProjectLogger saveMess
INFO: classifier choose : IBk
lug 09, 2021 5:38:43 PM utility.ProjectLogger saveMess
INFO: No selection filteredTrainSet null
lug 09, 2021 5:38:43 PM utility.ProjectLogger saveMess
INFO: No selection filteredTestSet null
lug 09, 2021 5:38:44 PM utility.ProjectLogger saveMess
INFO: Invalid walk
lug 09, 2021 5:38:44 PM utility.ProjectLogger saveMess
INFO: Invalid walk
lug 09, 2021 5:38:44 PM utility.ProjectLogger saveMess
INFO: Invalid walk
lug 09, 2021 5:38:44 PM utility.ProjectLogger saveMess
INFO: Invalid walk
lug 09, 2021 5:38:44 PM utility.ProjectLogger saveMess
INFO: Invalid walk
lug 09, 2021 5:38:44 PM utility.ProjectLogger saveMess
INFO: Invalid walk
lug 09, 2021 5:38:44 PM utility.ProjectLogger saveMess
INFO: Invalid walk
lug 09, 2021 5:38:46 PM utility.ProjectLogger saveMess
INFO: Invalid walk
lug 09, 2021 5:38:48 PM utility.ProjectLogger saveMess
INFO: Invalid walk
lug 09, 2021 5:38:50 PM utility.ProjectLogger saveMess
INFO: classifier choose : Naive Bayes
lug 09, 2021 5:38:50 PM utility.ProjectLogger saveMess
INFO: No selection filteredTrainSet null
lug 09, 2021 5:38:50 PM utility.ProjectLogger saveMess
INFO: No selection filteredTestSet null
lug 09, 2021 5:38:55 PM utility.ProjectLogger saveMess
INFO: classifier choose : Random Forest
lug 09, 2021 5:38:55 PM utility.ProjectLogger saveMess
INFO: No selection filteredTrainSet null
lug 09, 2021 5:38:55 PM utility.ProjectLogger saveMess
INFO: No selection filteredTestSet null
lug 09, 2021 5:39:11 PM utility.ProjectLogger saveMess
INFO: classifier choose : IBk
lug 09, 2021 5:39:11 PM utility.ProjectLogger saveMess
INFO: No selection filteredTrainSet null
lug 09, 2021 5:39:11 PM utility.ProjectLogger saveMess
INFO: No selection filteredTestSet null
lug 09, 2021 5:39:20 PM utility.ProjectLogger saveMess
INFO: classifier choose : Naive Bayes
lug 09, 2021 5:39:20 PM utility.ProjectLogger saveMess
INFO: No selection filteredTrainSet null
lug 09, 2021 5:39:20 PM utility.ProjectLogger saveMess
INFO: No selection filteredTestSet null
lug 09, 2021 5:39:28 PM utility.ProjectLogger saveMess
INFO: classifier choose : Random Forest
lug 09, 2021 5:39:28 PM utility.ProjectLogger saveMess
INFO: No selection filteredTrainSet null
lug 09, 2021 5:39:28 PM utility.ProjectLogger saveMess
INFO: No selection filteredTestSet null
lug 09, 2021 5:39:47 PM utility.ProjectLogger saveMess
INFO: classifier choose : IBk
lug 09, 2021 5:39:47 PM utility.ProjectLogger saveMess
INFO: No selection filteredTrainSet null
lug 09, 2021 5:39:47 PM utility.ProjectLogger saveMess
INFO: No selection filteredTestSet null
lug 09, 2021 5:39:59 PM utility.ProjectLogger saveMess
INFO: classifier choose : Naive Bayes
lug 09, 2021 5:39:59 PM utility.ProjectLogger saveMess
INFO: No selection filteredTrainSet null
lug 09, 2021 5:39:59 PM utility.ProjectLogger saveMess
INFO: No selection filteredTestSet null
lug 09, 2021 5:40:10 PM utility.ProjectLogger saveMess
INFO: classifier choose : Random Forest
lug 09, 2021 5:40:10 PM utility.ProjectLogger saveMess
INFO: No selection filteredTrainSet null
lug 09, 2021 5:40:10 PM utility.ProjectLogger saveMess
INFO: No selection filteredTestSet null
lug 09, 2021 5:40:38 PM utility.ProjectLogger saveMess
INFO: classifier choose : IBk
lug 09, 2021 5:40:38 PM utility.ProjectLogger saveMess
INFO: No selection filteredTrainSet null
lug 09, 2021 5:40:38 PM utility.ProjectLogger saveMess
INFO: No selection filteredTestSet null
lug 09, 2021 5:40:56 PM utility.ProjectLogger saveMess
INFO: classifier choose : Naive Bayes
lug 09, 2021 5:40:56 PM utility.ProjectLogger saveMess
INFO: No selection filteredTrainSet null
lug 09, 2021 5:40:56 PM utility.ProjectLogger saveMess
INFO: No selection filteredTestSet null
lug 09, 2021 5:41:12 PM utility.ProjectLogger saveMess
INFO: classifier choose : Random Forest
lug 09, 2021 5:41:12 PM utility.ProjectLogger saveMess
INFO: No selection filteredTrainSet null
lug 09, 2021 5:41:12 PM utility.ProjectLogger saveMess
INFO: No selection filteredTestSet null
lug 09, 2021 5:41:49 PM utility.ProjectLogger saveMess
INFO: classifier choose : IBk
lug 09, 2021 5:41:49 PM utility.ProjectLogger saveMess
INFO: No selection filteredTrainSet null
lug 09, 2021 5:41:49 PM utility.ProjectLogger saveMess
INFO: No selection filteredTestSet null
lug 09, 2021 5:42:14 PM utility.ProjectLogger saveMess
INFO: classifier choose : Naive Bayes
lug 09, 2021 5:42:14 PM utility.ProjectLogger saveMess
INFO: No selection filteredTrainSet null
lug 09, 2021 5:42:14 PM utility.ProjectLogger saveMess
INFO: No selection filteredTestSet null
lug 09, 2021 5:42:36 PM utility.ProjectLogger saveMess
INFO: classifier choose : Random Forest
lug 09, 2021 5:42:36 PM utility.ProjectLogger saveMess
INFO: No selection filteredTrainSet null
lug 09, 2021 5:42:36 PM utility.ProjectLogger saveMess
INFO: No selection filteredTestSet null
lug 09, 2021 5:43:31 PM utility.ProjectLogger saveMess
INFO: classifier choose : IBk
lug 09, 2021 5:43:31 PM utility.ProjectLogger saveMess
INFO: No selection filteredTrainSet null
lug 09, 2021 5:43:31 PM utility.ProjectLogger saveMess
INFO: No selection filteredTestSet null
lug 09, 2021 5:44:07 PM utility.ProjectLogger saveMess
INFO: classifier choose : Naive Bayes
lug 09, 2021 5:44:07 PM utility.ProjectLogger saveMess
INFO: No selection filteredTrainSet null
lug 09, 2021 5:44:07 PM utility.ProjectLogger saveMess
INFO: No selection filteredTestSet null
lug 09, 2021 5:44:40 PM utility.ProjectLogger saveMess
INFO: classifier choose : Random Forest
lug 09, 2021 5:44:40 PM utility.ProjectLogger saveMess
INFO: No selection filteredTrainSet null
lug 09, 2021 5:44:40 PM utility.ProjectLogger saveMess
INFO: No selection filteredTestSet null
lug 09, 2021 5:45:49 PM utility.ProjectLogger saveMess
INFO: classifier choose : IBk
lug 09, 2021 5:45:49 PM utility.ProjectLogger saveMess
INFO: No selection filteredTrainSet null
lug 09, 2021 5:45:49 PM utility.ProjectLogger saveMess
INFO: No selection filteredTestSet null
lug 09, 2021 5:46:32 PM utility.ProjectLogger saveMess
INFO: classifier choose : Naive Bayes
lug 09, 2021 5:46:32 PM utility.ProjectLogger saveMess
INFO: No selection filteredTrainSet null
lug 09, 2021 5:46:32 PM utility.ProjectLogger saveMess
INFO: No selection filteredTestSet null
lug 09, 2021 5:47:15 PM utility.ProjectLogger saveMess
INFO: classifier choose : Random Forest
lug 09, 2021 5:47:15 PM utility.ProjectLogger saveMess
INFO: No selection filteredTrainSet null
lug 09, 2021 5:47:15 PM utility.ProjectLogger saveMess
INFO: No selection filteredTestSet null
lug 09, 2021 5:47:27 PM utility.ProjectLogger saveMess
INFO: Invalid walk
lug 09, 2021 5:48:40 PM utility.ProjectLogger saveMess
INFO: classifier choose : IBk
lug 09, 2021 5:48:40 PM utility.ProjectLogger saveMess
INFO: No selection filteredTrainSet null
lug 09, 2021 5:48:40 PM utility.ProjectLogger saveMess
INFO: No selection filteredTestSet null
lug 09, 2021 5:49:34 PM utility.ProjectLogger saveMess
INFO: classifier choose : Naive Bayes
lug 09, 2021 5:49:34 PM utility.ProjectLogger saveMess
INFO: No selection filteredTrainSet null
lug 09, 2021 5:49:34 PM utility.ProjectLogger saveMess
INFO: No selection filteredTestSet null
lug 09, 2021 5:50:27 PM utility.ProjectLogger saveMess
INFO: classifier choose : Random Forest
lug 09, 2021 5:50:27 PM utility.ProjectLogger saveMess
INFO: No selection filteredTrainSet null
lug 09, 2021 5:50:27 PM utility.ProjectLogger saveMess
INFO: No selection filteredTestSet null
lug 09, 2021 5:52:18 PM utility.ProjectLogger saveMess
INFO: classifier choose : IBk
lug 09, 2021 5:52:18 PM utility.ProjectLogger saveMess
INFO: No selection filteredTrainSet null
lug 09, 2021 5:52:18 PM utility.ProjectLogger saveMess
INFO: No selection filteredTestSet null
lug 09, 2021 5:53:34 PM utility.ProjectLogger saveMess
INFO: classifier choose : Naive Bayes
lug 09, 2021 5:53:34 PM utility.ProjectLogger saveMess
INFO: No selection filteredTrainSet null
lug 09, 2021 5:53:34 PM utility.ProjectLogger saveMess
INFO: No selection filteredTestSet null
lug 09, 2021 5:54:43 PM utility.ProjectLogger saveMess
INFO: classifier choose : Random Forest
lug 09, 2021 5:54:43 PM utility.ProjectLogger saveMess
INFO: No selection filteredTrainSet null
lug 09, 2021 5:54:43 PM utility.ProjectLogger saveMess
INFO: No selection filteredTestSet null
lug 09, 2021 5:56:43 PM utility.ProjectLogger saveMess
INFO: classifier choose : IBk
lug 09, 2021 5:56:43 PM utility.ProjectLogger saveMess
INFO: No selection filteredTrainSet null
lug 09, 2021 5:56:43 PM utility.ProjectLogger saveMess
INFO: No selection filteredTestSet null
lug 09, 2021 5:58:07 PM utility.ProjectLogger saveMess
INFO: classifier choose : Naive Bayes
lug 09, 2021 5:58:07 PM utility.ProjectLogger saveMess
INFO: No selection filteredTrainSet null
lug 09, 2021 5:58:07 PM utility.ProjectLogger saveMess
INFO: No selection filteredTestSet null
lug 09, 2021 5:59:24 PM utility.ProjectLogger saveMess
INFO: classifier choose : Random Forest
lug 09, 2021 5:59:24 PM utility.ProjectLogger saveMess
INFO: No selection filteredTrainSet null
lug 09, 2021 5:59:24 PM utility.ProjectLogger saveMess
INFO: No selection filteredTestSet null
lug 09, 2021 6:01:54 PM utility.ProjectLogger saveMess
INFO: classifier choose : IBk
lug 09, 2021 6:01:54 PM utility.ProjectLogger saveMess
INFO: No selection filteredTrainSet null
lug 09, 2021 6:01:54 PM utility.ProjectLogger saveMess
INFO: No selection filteredTestSet null
lug 09, 2021 6:03:38 PM utility.ProjectLogger saveMess
INFO: classifier choose : Naive Bayes
lug 09, 2021 6:03:38 PM utility.ProjectLogger saveMess
INFO: No selection filteredTrainSet null
lug 09, 2021 6:03:38 PM utility.ProjectLogger saveMess
INFO: No selection filteredTestSet null
lug 09, 2021 6:05:19 PM utility.ProjectLogger saveMess
INFO: classifier choose : Random Forest
lug 09, 2021 6:05:19 PM utility.ProjectLogger saveMess
INFO: No selection filteredTrainSet null
lug 09, 2021 6:05:19 PM utility.ProjectLogger saveMess
INFO: No selection filteredTestSet null
lug 09, 2021 6:08:07 PM utility.ProjectLogger saveMess
INFO: classifier choose : IBk
lug 09, 2021 6:08:07 PM utility.ProjectLogger saveMess
INFO: No selection filteredTrainSet null
lug 09, 2021 6:08:07 PM utility.ProjectLogger saveMess
INFO: No selection filteredTestSet null
lug 09, 2021 6:09:59 PM utility.ProjectLogger saveMess
INFO: classifier choose : Naive Bayes
lug 09, 2021 6:09:59 PM utility.ProjectLogger saveMess
INFO: No selection filteredTrainSet null
lug 09, 2021 6:09:59 PM utility.ProjectLogger saveMess
INFO: No selection filteredTestSet null
lug 09, 2021 6:11:47 PM utility.ProjectLogger saveMess
INFO: classifier choose : Random Forest
lug 09, 2021 6:11:47 PM utility.ProjectLogger saveMess
INFO: No selection filteredTrainSet null
lug 09, 2021 6:11:47 PM utility.ProjectLogger saveMess
INFO: No selection filteredTestSet null
lug 09, 2021 6:14:57 PM utility.ProjectLogger saveMess
INFO: classifier choose : IBk
lug 09, 2021 6:14:57 PM utility.ProjectLogger saveMess
INFO: No selection filteredTrainSet null
lug 09, 2021 6:14:57 PM utility.ProjectLogger saveMess
INFO: No selection filteredTestSet null
lug 09, 2021 6:17:13 PM utility.ProjectLogger saveMess
INFO: classifier choose : Naive Bayes
lug 09, 2021 6:17:13 PM utility.ProjectLogger saveMess
INFO: No selection filteredTrainSet null
lug 09, 2021 6:17:13 PM utility.ProjectLogger saveMess
INFO: No selection filteredTestSet null
lug 09, 2021 6:19:14 PM utility.ProjectLogger saveMess
INFO: classifier choose : Random Forest
lug 09, 2021 6:19:14 PM utility.ProjectLogger saveMess
INFO: No selection filteredTrainSet null
lug 09, 2021 6:19:14 PM utility.ProjectLogger saveMess
INFO: No selection filteredTestSet null
lug 09, 2021 6:22:31 PM utility.ProjectLogger saveMess
INFO: classifier choose : IBk
lug 09, 2021 6:22:31 PM utility.ProjectLogger saveMess
INFO: No selection filteredTrainSet null
lug 09, 2021 6:22:31 PM utility.ProjectLogger saveMess
INFO: No selection filteredTestSet null
lug 09, 2021 6:24:50 PM utility.ProjectLogger saveMess
INFO: classifier choose : Naive Bayes
lug 09, 2021 6:24:50 PM utility.ProjectLogger saveMess
INFO: No selection filteredTrainSet null
lug 09, 2021 6:24:50 PM utility.ProjectLogger saveMess
INFO: No selection filteredTestSet null
lug 09, 2021 6:27:06 PM utility.ProjectLogger saveMess
INFO: classifier choose : Random Forest
lug 09, 2021 6:27:06 PM utility.ProjectLogger saveMess
INFO: No selection filteredTrainSet null
lug 09, 2021 6:27:06 PM utility.ProjectLogger saveMess
INFO: No selection filteredTestSet null
lug 09, 2021 6:30:59 PM utility.ProjectLogger saveMess
INFO: classifier choose : IBk
lug 09, 2021 6:30:59 PM utility.ProjectLogger saveMess
INFO: No selection filteredTrainSet null
lug 09, 2021 6:30:59 PM utility.ProjectLogger saveMess
INFO: No selection filteredTestSet null
lug 09, 2021 6:33:38 PM utility.ProjectLogger saveMess
INFO: classifier choose : Naive Bayes
lug 09, 2021 6:33:38 PM utility.ProjectLogger saveMess
INFO: No selection filteredTrainSet null
lug 09, 2021 6:33:38 PM utility.ProjectLogger saveMess
INFO: No selection filteredTestSet null
lug 09, 2021 6:36:13 PM utility.ProjectLogger saveMess
INFO: classifier choose : Random Forest
lug 09, 2021 6:36:13 PM utility.ProjectLogger saveMess
INFO: No selection filteredTrainSet null
lug 09, 2021 6:36:13 PM utility.ProjectLogger saveMess
INFO: No selection filteredTestSet null
lug 09, 2021 6:40:30 PM utility.ProjectLogger saveMess
INFO: classifier choose : IBk
lug 09, 2021 6:40:30 PM utility.ProjectLogger saveMess
INFO: No selection filteredTrainSet null
lug 09, 2021 6:40:30 PM utility.ProjectLogger saveMess
INFO: No selection filteredTestSet null
lug 09, 2021 6:43:47 PM utility.ProjectLogger saveMess
INFO: classifier choose : Naive Bayes
lug 09, 2021 6:43:47 PM utility.ProjectLogger saveMess
INFO: No selection filteredTrainSet null
lug 09, 2021 6:43:47 PM utility.ProjectLogger saveMess
INFO: No selection filteredTestSet null
